#! /usr/bin/vvp
:ivl_version "12.0 (stable)";
:ivl_delay_selection "TYPICAL";
:vpi_time_precision + 0;
:vpi_module "/usr/lib/x86_64-linux-gnu/ivl/system.vpi";
:vpi_module "/usr/lib/x86_64-linux-gnu/ivl/vhdl_sys.vpi";
:vpi_module "/usr/lib/x86_64-linux-gnu/ivl/vhdl_textio.vpi";
:vpi_module "/usr/lib/x86_64-linux-gnu/ivl/v2005_math.vpi";
:vpi_module "/usr/lib/x86_64-linux-gnu/ivl/va_math.vpi";
S_0x55eb8f234020 .scope module, "cpu" "cpu" 2 1;
 .timescale 0 0;
    .port_info 0 /INPUT 1 "clk";
v0x55eb8f26d520_0 .net *"_ivl_21", 30 0, L_0x55eb8f2824e0;  1 drivers
L_0x70d4f26916d8 .functor BUFT 1, C4<0>, C4<0>, C4<0>, C4<0>;
v0x55eb8f26d600_0 .net/2u *"_ivl_22", 0 0, L_0x70d4f26916d8;  1 drivers
v0x55eb8f26d6e0_0 .net *"_ivl_24", 31 0, L_0x55eb8f2825d0;  1 drivers
v0x55eb8f26d7d0_0 .net "adder1_out", 31 0, v0x55eb8f25edb0_0;  1 drivers
v0x55eb8f26d8c0_0 .net "adder2_out", 31 0, v0x55eb8f25f390_0;  1 drivers
v0x55eb8f26d9b0_0 .net "alu_out", 31 0, v0x55eb8f25f990_0;  1 drivers
v0x55eb8f26daa0_0 .net "alu_sel", 3 0, v0x55eb8f262b90_0;  1 drivers
v0x55eb8f26dbb0_0 .net "alumux1_out", 31 0, L_0x55eb8f282a40;  1 drivers
v0x55eb8f26dcc0_0 .net "alumux1_sel", 0 0, v0x55eb8f262ca0_0;  1 drivers
v0x55eb8f26dd60_0 .net "alumux2_out", 31 0, L_0x55eb8f282e50;  1 drivers
v0x55eb8f26de70_0 .net "alumux2_sel", 0 0, v0x55eb8f262d70_0;  1 drivers
v0x55eb8f26df60_0 .net "br_en", 0 0, v0x55eb8f262e70_0;  1 drivers
v0x55eb8f26e050_0 .net "brextmux_out", 31 0, L_0x55eb8f281ef0;  1 drivers
v0x55eb8f26e110_0 .net "brmux_out", 31 0, L_0x55eb8f281a90;  1 drivers
o0x70d4f2ae2008 .functor BUFZ 1, C4<z>; HiZ drive
v0x55eb8f26e200_0 .net "clk", 0 0, o0x70d4f2ae2008;  0 drivers
v0x55eb8f26e2a0_0 .net "data_mem_out", 31 0, v0x55eb8f267560_0;  1 drivers
v0x55eb8f26e360_0 .net "imm_out", 31 0, v0x55eb8f267cb0_0;  1 drivers
v0x55eb8f26e510_0 .net "instr_out", 31 0, L_0x55eb8f281080;  1 drivers
v0x55eb8f26e5b0_0 .net "jalr", 0 0, v0x55eb8f263190_0;  1 drivers
v0x55eb8f26e6a0_0 .net "jalrmux_out", 31 0, L_0x55eb8f2823f0;  1 drivers
v0x55eb8f26e760_0 .net "jump", 0 0, v0x55eb8f263250_0;  1 drivers
v0x55eb8f26e850_0 .net "jumpmux_out", 31 0, L_0x55eb8f2815e0;  1 drivers
v0x55eb8f26e940_0 .net "num_bytes", 1 0, v0x55eb8f263310_0;  1 drivers
v0x55eb8f26ea50_0 .net "pc_out", 31 0, v0x55eb8f26b040_0;  1 drivers
v0x55eb8f26eb10_0 .net "reg_en", 0 0, v0x55eb8f2634d0_0;  1 drivers
v0x55eb8f26ebb0_0 .net "regmux_out", 31 0, L_0x55eb8f2832c0;  1 drivers
v0x55eb8f26ecc0_0 .net "regmux_sel", 1 0, v0x55eb8f263590_0;  1 drivers
v0x55eb8f26edd0_0 .net "rs1_out", 31 0, L_0x55eb8f27f5c0;  1 drivers
v0x55eb8f26ee90_0 .net "rs2_out", 31 0, L_0x55eb8f27fb80;  1 drivers
v0x55eb8f26ef80_0 .net "sz", 0 0, v0x55eb8f263670_0;  1 drivers
v0x55eb8f26f070_0 .net "we", 0 0, v0x55eb8f263730_0;  1 drivers
L_0x70d4f2691018 .functor BUFT 1, C4<00000000000000000000000000000100>, C4<0>, C4<0>, C4<0>;
v0x55eb8f26f160_0 .net "wired_four", 31 0, L_0x70d4f2691018;  1 drivers
L_0x55eb8f27fd60 .part L_0x55eb8f281080, 15, 5;
L_0x55eb8f27fe90 .part L_0x55eb8f281080, 20, 5;
L_0x55eb8f27ff30 .part L_0x55eb8f281080, 7, 5;
L_0x55eb8f2816d0 .concat [ 32 32 0 0], v0x55eb8f25edb0_0, L_0x55eb8f2823f0;
L_0x55eb8f281b80 .concat [ 32 32 0 0], L_0x70d4f2691018, L_0x55eb8f281ef0;
L_0x55eb8f281fe0 .concat [ 32 32 0 0], L_0x70d4f2691018, v0x55eb8f267cb0_0;
L_0x55eb8f2820d0 .part v0x55eb8f25f990_0, 0, 1;
L_0x55eb8f2824e0 .part v0x55eb8f25f990_0, 1, 31;
L_0x55eb8f2825d0 .concat [ 1 31 0 0], L_0x70d4f26916d8, L_0x55eb8f2824e0;
L_0x55eb8f2826c0 .concat [ 32 32 0 0], v0x55eb8f25f990_0, L_0x55eb8f2825d0;
L_0x55eb8f282b30 .concat [ 32 32 0 0], v0x55eb8f26b040_0, L_0x55eb8f27f5c0;
L_0x55eb8f282f40 .concat [ 32 32 0 0], L_0x55eb8f27fb80, v0x55eb8f267cb0_0;
L_0x55eb8f2833b0 .concat [ 32 32 32 32], v0x55eb8f25f390_0, v0x55eb8f25f990_0, v0x55eb8f267560_0, v0x55eb8f267cb0_0;
S_0x55eb8f1ec4a0 .scope module, "adder1" "alu" 2 59, 3 1 0, S_0x55eb8f234020;
 .timescale 0 0;
    .port_info 0 /INPUT 32 "a";
    .port_info 1 /INPUT 32 "b";
    .port_info 2 /INPUT 4 "sel";
    .port_info 3 /OUTPUT 32 "s";
v0x55eb8f2232c0_0 .net "a", 31 0, v0x55eb8f26b040_0;  alias, 1 drivers
v0x55eb8f25ecd0_0 .net "b", 31 0, L_0x55eb8f281a90;  alias, 1 drivers
v0x55eb8f25edb0_0 .var "s", 31 0;
L_0x70d4f2691408 .functor BUFT 1, C4<0000>, C4<0>, C4<0>, C4<0>;
v0x55eb8f25ee70_0 .net "sel", 3 0, L_0x70d4f2691408;  1 drivers
E_0x55eb8f1ecf50 .event anyedge, v0x55eb8f25ee70_0, v0x55eb8f2232c0_0, v0x55eb8f25ecd0_0;
S_0x55eb8f25efd0 .scope module, "adder2" "alu" 2 66, 3 1 0, S_0x55eb8f234020;
 .timescale 0 0;
    .port_info 0 /INPUT 32 "a";
    .port_info 1 /INPUT 32 "b";
    .port_info 2 /INPUT 4 "sel";
    .port_info 3 /OUTPUT 32 "s";
v0x55eb8f25f1f0_0 .net "a", 31 0, v0x55eb8f26b040_0;  alias, 1 drivers
v0x55eb8f25f2d0_0 .net "b", 31 0, L_0x70d4f2691018;  alias, 1 drivers
v0x55eb8f25f390_0 .var "s", 31 0;
L_0x70d4f2691450 .functor BUFT 1, C4<0000>, C4<0>, C4<0>, C4<0>;
v0x55eb8f25f450_0 .net "sel", 3 0, L_0x70d4f2691450;  1 drivers
E_0x55eb8f1ed360 .event anyedge, v0x55eb8f25f450_0, v0x55eb8f2232c0_0, v0x55eb8f25f2d0_0;
S_0x55eb8f25f5b0 .scope module, "alu" "alu" 2 15, 3 1 0, S_0x55eb8f234020;
 .timescale 0 0;
    .port_info 0 /INPUT 32 "a";
    .port_info 1 /INPUT 32 "b";
    .port_info 2 /INPUT 4 "sel";
    .port_info 3 /OUTPUT 32 "s";
v0x55eb8f25f7b0_0 .net "a", 31 0, L_0x55eb8f282a40;  alias, 1 drivers
v0x55eb8f25f8b0_0 .net "b", 31 0, L_0x55eb8f282e50;  alias, 1 drivers
v0x55eb8f25f990_0 .var "s", 31 0;
v0x55eb8f25fa50_0 .net "sel", 3 0, v0x55eb8f262b90_0;  alias, 1 drivers
E_0x55eb8f1eec30 .event anyedge, v0x55eb8f25fa50_0, v0x55eb8f25f7b0_0, v0x55eb8f25f8b0_0;
S_0x55eb8f25fbb0 .scope module, "alumux1" "mux" 2 97, 4 1 0, S_0x55eb8f234020;
 .timescale 0 0;
    .port_info 0 /INPUT 64 "data_in";
    .port_info 1 /INPUT 1 "sel";
    .port_info 2 /OUTPUT 32 "out";
P_0x55eb8f25fd90 .param/l "DATA_WIDTH" 0 4 2, +C4<00000000000000000000000000100000>;
P_0x55eb8f25fdd0 .param/l "INPUT_WIDTH" 0 4 3, +C4<00000000000000000000000000000010>;
P_0x55eb8f25fe10 .param/l "SELECT_BITS" 0 4 4, +C4<00000000000000000000000000000001>;
v0x55eb8f25ffc0_0 .net *"_ivl_0", 31 0, L_0x55eb8f282860;  1 drivers
L_0x70d4f2691720 .functor BUFT 1, C4<0000000000000000000000000000000>, C4<0>, C4<0>, C4<0>;
v0x55eb8f2600c0_0 .net *"_ivl_3", 30 0, L_0x70d4f2691720;  1 drivers
L_0x70d4f2691768 .functor BUFT 1, C4<00000000000000000000000000100000>, C4<0>, C4<0>, C4<0>;
v0x55eb8f2601a0_0 .net/2u *"_ivl_4", 31 0, L_0x70d4f2691768;  1 drivers
v0x55eb8f260260_0 .net *"_ivl_7", 31 0, L_0x55eb8f282900;  1 drivers
v0x55eb8f260340_0 .net "data_in", 63 0, L_0x55eb8f282b30;  1 drivers
v0x55eb8f260470_0 .net "out", 31 0, L_0x55eb8f282a40;  alias, 1 drivers
v0x55eb8f260530_0 .net "sel", 0 0, v0x55eb8f262ca0_0;  alias, 1 drivers
L_0x55eb8f282860 .concat [ 1 31 0 0], v0x55eb8f262ca0_0, L_0x70d4f2691720;
L_0x55eb8f282900 .arith/mult 32, L_0x55eb8f282860, L_0x70d4f2691768;
L_0x55eb8f282a40 .part/v L_0x55eb8f282b30, L_0x55eb8f282900, 32;
S_0x55eb8f260670 .scope module, "alumux2" "mux" 2 103, 4 1 0, S_0x55eb8f234020;
 .timescale 0 0;
    .port_info 0 /INPUT 64 "data_in";
    .port_info 1 /INPUT 1 "sel";
    .port_info 2 /OUTPUT 32 "out";
P_0x55eb8f2608a0 .param/l "DATA_WIDTH" 0 4 2, +C4<00000000000000000000000000100000>;
P_0x55eb8f2608e0 .param/l "INPUT_WIDTH" 0 4 3, +C4<00000000000000000000000000000010>;
P_0x55eb8f260920 .param/l "SELECT_BITS" 0 4 4, +C4<00000000000000000000000000000001>;
v0x55eb8f260ab0_0 .net *"_ivl_0", 31 0, L_0x55eb8f282c20;  1 drivers
L_0x70d4f26917b0 .functor BUFT 1, C4<0000000000000000000000000000000>, C4<0>, C4<0>, C4<0>;
v0x55eb8f260bb0_0 .net *"_ivl_3", 30 0, L_0x70d4f26917b0;  1 drivers
L_0x70d4f26917f8 .functor BUFT 1, C4<00000000000000000000000000100000>, C4<0>, C4<0>, C4<0>;
v0x55eb8f260c90_0 .net/2u *"_ivl_4", 31 0, L_0x70d4f26917f8;  1 drivers
v0x55eb8f260d80_0 .net *"_ivl_7", 31 0, L_0x55eb8f282d10;  1 drivers
v0x55eb8f260e60_0 .net "data_in", 63 0, L_0x55eb8f282f40;  1 drivers
v0x55eb8f260f90_0 .net "out", 31 0, L_0x55eb8f282e50;  alias, 1 drivers
v0x55eb8f261050_0 .net "sel", 0 0, v0x55eb8f262d70_0;  alias, 1 drivers
L_0x55eb8f282c20 .concat [ 1 31 0 0], v0x55eb8f262d70_0, L_0x70d4f26917b0;
L_0x55eb8f282d10 .arith/mult 32, L_0x55eb8f282c20, L_0x70d4f26917f8;
L_0x55eb8f282e50 .part/v L_0x55eb8f282f40, L_0x55eb8f282d10, 32;
S_0x55eb8f261190 .scope module, "brextmux" "mux" 2 85, 4 1 0, S_0x55eb8f234020;
 .timescale 0 0;
    .port_info 0 /INPUT 64 "data_in";
    .port_info 1 /INPUT 1 "sel";
    .port_info 2 /OUTPUT 32 "out";
P_0x55eb8f261370 .param/l "DATA_WIDTH" 0 4 2, +C4<00000000000000000000000000100000>;
P_0x55eb8f2613b0 .param/l "INPUT_WIDTH" 0 4 3, +C4<00000000000000000000000000000010>;
P_0x55eb8f2613f0 .param/l "SELECT_BITS" 0 4 4, +C4<00000000000000000000000000000001>;
v0x55eb8f261610_0 .net *"_ivl_0", 31 0, L_0x55eb8f281cc0;  1 drivers
L_0x70d4f26915b8 .functor BUFT 1, C4<0000000000000000000000000000000>, C4<0>, C4<0>, C4<0>;
v0x55eb8f261710_0 .net *"_ivl_3", 30 0, L_0x70d4f26915b8;  1 drivers
L_0x70d4f2691600 .functor BUFT 1, C4<00000000000000000000000000100000>, C4<0>, C4<0>, C4<0>;
v0x55eb8f2617f0_0 .net/2u *"_ivl_4", 31 0, L_0x70d4f2691600;  1 drivers
v0x55eb8f2618e0_0 .net *"_ivl_7", 31 0, L_0x55eb8f281db0;  1 drivers
v0x55eb8f2619c0_0 .net "data_in", 63 0, L_0x55eb8f281fe0;  1 drivers
v0x55eb8f261af0_0 .net "out", 31 0, L_0x55eb8f281ef0;  alias, 1 drivers
v0x55eb8f261bd0_0 .net "sel", 0 0, L_0x55eb8f2820d0;  1 drivers
L_0x55eb8f281cc0 .concat [ 1 31 0 0], L_0x55eb8f2820d0, L_0x70d4f26915b8;
L_0x55eb8f281db0 .arith/mult 32, L_0x55eb8f281cc0, L_0x70d4f2691600;
L_0x55eb8f281ef0 .part/v L_0x55eb8f281fe0, L_0x55eb8f281db0, 32;
S_0x55eb8f261d30 .scope module, "brmux" "mux" 2 79, 4 1 0, S_0x55eb8f234020;
 .timescale 0 0;
    .port_info 0 /INPUT 64 "data_in";
    .port_info 1 /INPUT 1 "sel";
    .port_info 2 /OUTPUT 32 "out";
P_0x55eb8f261f10 .param/l "DATA_WIDTH" 0 4 2, +C4<00000000000000000000000000100000>;
P_0x55eb8f261f50 .param/l "INPUT_WIDTH" 0 4 3, +C4<00000000000000000000000000000010>;
P_0x55eb8f261f90 .param/l "SELECT_BITS" 0 4 4, +C4<00000000000000000000000000000001>;
v0x55eb8f262180_0 .net *"_ivl_0", 31 0, L_0x55eb8f281860;  1 drivers
L_0x70d4f2691528 .functor BUFT 1, C4<0000000000000000000000000000000>, C4<0>, C4<0>, C4<0>;
v0x55eb8f262280_0 .net *"_ivl_3", 30 0, L_0x70d4f2691528;  1 drivers
L_0x70d4f2691570 .functor BUFT 1, C4<00000000000000000000000000100000>, C4<0>, C4<0>, C4<0>;
v0x55eb8f262360_0 .net/2u *"_ivl_4", 31 0, L_0x70d4f2691570;  1 drivers
v0x55eb8f262450_0 .net *"_ivl_7", 31 0, L_0x55eb8f281950;  1 drivers
v0x55eb8f262530_0 .net "data_in", 63 0, L_0x55eb8f281b80;  1 drivers
v0x55eb8f262660_0 .net "out", 31 0, L_0x55eb8f281a90;  alias, 1 drivers
v0x55eb8f262720_0 .net "sel", 0 0, v0x55eb8f262e70_0;  alias, 1 drivers
L_0x55eb8f281860 .concat [ 1 31 0 0], v0x55eb8f262e70_0, L_0x70d4f2691528;
L_0x55eb8f281950 .arith/mult 32, L_0x55eb8f281860, L_0x70d4f2691570;
L_0x55eb8f281a90 .part/v L_0x55eb8f281b80, L_0x55eb8f281950, 32;
S_0x55eb8f262860 .scope module, "control_unit" "control_unit" 2 115, 5 1 0, S_0x55eb8f234020;
 .timescale 0 0;
    .port_info 0 /INPUT 32 "instr";
    .port_info 1 /OUTPUT 1 "reg_en";
    .port_info 2 /OUTPUT 2 "regmux";
    .port_info 3 /OUTPUT 1 "alumux1";
    .port_info 4 /OUTPUT 1 "alumux2";
    .port_info 5 /OUTPUT 4 "alu_sel";
    .port_info 6 /OUTPUT 1 "jump";
    .port_info 7 /OUTPUT 1 "br_en";
    .port_info 8 /OUTPUT 1 "jalr";
    .port_info 9 /OUTPUT 1 "we";
    .port_info 10 /OUTPUT 1 "sz";
    .port_info 11 /OUTPUT 2 "num_bytes";
v0x55eb8f262b90_0 .var "alu_sel", 3 0;
v0x55eb8f262ca0_0 .var "alumux1", 0 0;
v0x55eb8f262d70_0 .var "alumux2", 0 0;
v0x55eb8f262e70_0 .var "br_en", 0 0;
v0x55eb8f262f40_0 .net "funct3", 2 0, L_0x55eb8f283780;  1 drivers
v0x55eb8f263030_0 .net "funct7", 6 0, L_0x55eb8f283820;  1 drivers
v0x55eb8f2630d0_0 .net "instr", 31 0, L_0x55eb8f281080;  alias, 1 drivers
v0x55eb8f263190_0 .var "jalr", 0 0;
v0x55eb8f263250_0 .var "jump", 0 0;
v0x55eb8f263310_0 .var "num_bytes", 1 0;
v0x55eb8f2633f0_0 .net "opcode", 6 0, L_0x55eb8f2835d0;  1 drivers
v0x55eb8f2634d0_0 .var "reg_en", 0 0;
v0x55eb8f263590_0 .var "regmux", 1 0;
v0x55eb8f263670_0 .var "sz", 0 0;
v0x55eb8f263730_0 .var "we", 0 0;
E_0x55eb8f1ee970 .event anyedge, v0x55eb8f2633f0_0, v0x55eb8f262f40_0, v0x55eb8f263030_0;
L_0x55eb8f2835d0 .part L_0x55eb8f281080, 0, 7;
L_0x55eb8f283780 .part L_0x55eb8f281080, 12, 3;
L_0x55eb8f283820 .part L_0x55eb8f281080, 25, 7;
S_0x55eb8f2639e0 .scope module, "data_memory" "data_memory" 2 22, 6 1 0, S_0x55eb8f234020;
 .timescale 0 0;
    .port_info 0 /INPUT 1 "clk";
    .port_info 1 /INPUT 1 "we";
    .port_info 2 /INPUT 1 "sz";
    .port_info 3 /INPUT 2 "num_bytes";
    .port_info 4 /INPUT 32 "addr";
    .port_info 5 /INPUT 32 "wdata";
    .port_info 6 /OUTPUT 32 "rdata";
v0x55eb8f264a10_0 .net "addr", 31 0, v0x55eb8f25f990_0;  alias, 1 drivers
v0x55eb8f264af0_0 .net "clk", 0 0, o0x70d4f2ae2008;  alias, 0 drivers
v0x55eb8f264b90 .array "data_memory", 255 0, 7 0;
v0x55eb8f267470_0 .net "num_bytes", 1 0, v0x55eb8f263310_0;  alias, 1 drivers
v0x55eb8f267560_0 .var "rdata", 31 0;
v0x55eb8f267670_0 .net "sz", 0 0, v0x55eb8f263670_0;  alias, 1 drivers
v0x55eb8f267710_0 .net "wdata", 31 0, L_0x55eb8f27fb80;  alias, 1 drivers
v0x55eb8f2677d0_0 .net "we", 0 0, v0x55eb8f263730_0;  alias, 1 drivers
E_0x55eb8f1d35c0 .event posedge, v0x55eb8f264af0_0;
v0x55eb8f264b90_0 .array/port v0x55eb8f264b90, 0;
v0x55eb8f264b90_1 .array/port v0x55eb8f264b90, 1;
E_0x55eb8f1d3eb0/0 .event anyedge, v0x55eb8f263310_0, v0x55eb8f25f990_0, v0x55eb8f264b90_0, v0x55eb8f264b90_1;
v0x55eb8f264b90_2 .array/port v0x55eb8f264b90, 2;
v0x55eb8f264b90_3 .array/port v0x55eb8f264b90, 3;
v0x55eb8f264b90_4 .array/port v0x55eb8f264b90, 4;
v0x55eb8f264b90_5 .array/port v0x55eb8f264b90, 5;
E_0x55eb8f1d3eb0/1 .event anyedge, v0x55eb8f264b90_2, v0x55eb8f264b90_3, v0x55eb8f264b90_4, v0x55eb8f264b90_5;
v0x55eb8f264b90_6 .array/port v0x55eb8f264b90, 6;
v0x55eb8f264b90_7 .array/port v0x55eb8f264b90, 7;
v0x55eb8f264b90_8 .array/port v0x55eb8f264b90, 8;
v0x55eb8f264b90_9 .array/port v0x55eb8f264b90, 9;
E_0x55eb8f1d3eb0/2 .event anyedge, v0x55eb8f264b90_6, v0x55eb8f264b90_7, v0x55eb8f264b90_8, v0x55eb8f264b90_9;
v0x55eb8f264b90_10 .array/port v0x55eb8f264b90, 10;
v0x55eb8f264b90_11 .array/port v0x55eb8f264b90, 11;
v0x55eb8f264b90_12 .array/port v0x55eb8f264b90, 12;
v0x55eb8f264b90_13 .array/port v0x55eb8f264b90, 13;
E_0x55eb8f1d3eb0/3 .event anyedge, v0x55eb8f264b90_10, v0x55eb8f264b90_11, v0x55eb8f264b90_12, v0x55eb8f264b90_13;
v0x55eb8f264b90_14 .array/port v0x55eb8f264b90, 14;
v0x55eb8f264b90_15 .array/port v0x55eb8f264b90, 15;
v0x55eb8f264b90_16 .array/port v0x55eb8f264b90, 16;
v0x55eb8f264b90_17 .array/port v0x55eb8f264b90, 17;
E_0x55eb8f1d3eb0/4 .event anyedge, v0x55eb8f264b90_14, v0x55eb8f264b90_15, v0x55eb8f264b90_16, v0x55eb8f264b90_17;
v0x55eb8f264b90_18 .array/port v0x55eb8f264b90, 18;
v0x55eb8f264b90_19 .array/port v0x55eb8f264b90, 19;
v0x55eb8f264b90_20 .array/port v0x55eb8f264b90, 20;
v0x55eb8f264b90_21 .array/port v0x55eb8f264b90, 21;
E_0x55eb8f1d3eb0/5 .event anyedge, v0x55eb8f264b90_18, v0x55eb8f264b90_19, v0x55eb8f264b90_20, v0x55eb8f264b90_21;
v0x55eb8f264b90_22 .array/port v0x55eb8f264b90, 22;
v0x55eb8f264b90_23 .array/port v0x55eb8f264b90, 23;
v0x55eb8f264b90_24 .array/port v0x55eb8f264b90, 24;
v0x55eb8f264b90_25 .array/port v0x55eb8f264b90, 25;
E_0x55eb8f1d3eb0/6 .event anyedge, v0x55eb8f264b90_22, v0x55eb8f264b90_23, v0x55eb8f264b90_24, v0x55eb8f264b90_25;
v0x55eb8f264b90_26 .array/port v0x55eb8f264b90, 26;
v0x55eb8f264b90_27 .array/port v0x55eb8f264b90, 27;
v0x55eb8f264b90_28 .array/port v0x55eb8f264b90, 28;
v0x55eb8f264b90_29 .array/port v0x55eb8f264b90, 29;
E_0x55eb8f1d3eb0/7 .event anyedge, v0x55eb8f264b90_26, v0x55eb8f264b90_27, v0x55eb8f264b90_28, v0x55eb8f264b90_29;
v0x55eb8f264b90_30 .array/port v0x55eb8f264b90, 30;
v0x55eb8f264b90_31 .array/port v0x55eb8f264b90, 31;
v0x55eb8f264b90_32 .array/port v0x55eb8f264b90, 32;
v0x55eb8f264b90_33 .array/port v0x55eb8f264b90, 33;
E_0x55eb8f1d3eb0/8 .event anyedge, v0x55eb8f264b90_30, v0x55eb8f264b90_31, v0x55eb8f264b90_32, v0x55eb8f264b90_33;
v0x55eb8f264b90_34 .array/port v0x55eb8f264b90, 34;
v0x55eb8f264b90_35 .array/port v0x55eb8f264b90, 35;
v0x55eb8f264b90_36 .array/port v0x55eb8f264b90, 36;
v0x55eb8f264b90_37 .array/port v0x55eb8f264b90, 37;
E_0x55eb8f1d3eb0/9 .event anyedge, v0x55eb8f264b90_34, v0x55eb8f264b90_35, v0x55eb8f264b90_36, v0x55eb8f264b90_37;
v0x55eb8f264b90_38 .array/port v0x55eb8f264b90, 38;
v0x55eb8f264b90_39 .array/port v0x55eb8f264b90, 39;
v0x55eb8f264b90_40 .array/port v0x55eb8f264b90, 40;
v0x55eb8f264b90_41 .array/port v0x55eb8f264b90, 41;
E_0x55eb8f1d3eb0/10 .event anyedge, v0x55eb8f264b90_38, v0x55eb8f264b90_39, v0x55eb8f264b90_40, v0x55eb8f264b90_41;
v0x55eb8f264b90_42 .array/port v0x55eb8f264b90, 42;
v0x55eb8f264b90_43 .array/port v0x55eb8f264b90, 43;
v0x55eb8f264b90_44 .array/port v0x55eb8f264b90, 44;
v0x55eb8f264b90_45 .array/port v0x55eb8f264b90, 45;
E_0x55eb8f1d3eb0/11 .event anyedge, v0x55eb8f264b90_42, v0x55eb8f264b90_43, v0x55eb8f264b90_44, v0x55eb8f264b90_45;
v0x55eb8f264b90_46 .array/port v0x55eb8f264b90, 46;
v0x55eb8f264b90_47 .array/port v0x55eb8f264b90, 47;
v0x55eb8f264b90_48 .array/port v0x55eb8f264b90, 48;
v0x55eb8f264b90_49 .array/port v0x55eb8f264b90, 49;
E_0x55eb8f1d3eb0/12 .event anyedge, v0x55eb8f264b90_46, v0x55eb8f264b90_47, v0x55eb8f264b90_48, v0x55eb8f264b90_49;
v0x55eb8f264b90_50 .array/port v0x55eb8f264b90, 50;
v0x55eb8f264b90_51 .array/port v0x55eb8f264b90, 51;
v0x55eb8f264b90_52 .array/port v0x55eb8f264b90, 52;
v0x55eb8f264b90_53 .array/port v0x55eb8f264b90, 53;
E_0x55eb8f1d3eb0/13 .event anyedge, v0x55eb8f264b90_50, v0x55eb8f264b90_51, v0x55eb8f264b90_52, v0x55eb8f264b90_53;
v0x55eb8f264b90_54 .array/port v0x55eb8f264b90, 54;
v0x55eb8f264b90_55 .array/port v0x55eb8f264b90, 55;
v0x55eb8f264b90_56 .array/port v0x55eb8f264b90, 56;
v0x55eb8f264b90_57 .array/port v0x55eb8f264b90, 57;
E_0x55eb8f1d3eb0/14 .event anyedge, v0x55eb8f264b90_54, v0x55eb8f264b90_55, v0x55eb8f264b90_56, v0x55eb8f264b90_57;
v0x55eb8f264b90_58 .array/port v0x55eb8f264b90, 58;
v0x55eb8f264b90_59 .array/port v0x55eb8f264b90, 59;
v0x55eb8f264b90_60 .array/port v0x55eb8f264b90, 60;
v0x55eb8f264b90_61 .array/port v0x55eb8f264b90, 61;
E_0x55eb8f1d3eb0/15 .event anyedge, v0x55eb8f264b90_58, v0x55eb8f264b90_59, v0x55eb8f264b90_60, v0x55eb8f264b90_61;
v0x55eb8f264b90_62 .array/port v0x55eb8f264b90, 62;
v0x55eb8f264b90_63 .array/port v0x55eb8f264b90, 63;
v0x55eb8f264b90_64 .array/port v0x55eb8f264b90, 64;
v0x55eb8f264b90_65 .array/port v0x55eb8f264b90, 65;
E_0x55eb8f1d3eb0/16 .event anyedge, v0x55eb8f264b90_62, v0x55eb8f264b90_63, v0x55eb8f264b90_64, v0x55eb8f264b90_65;
v0x55eb8f264b90_66 .array/port v0x55eb8f264b90, 66;
v0x55eb8f264b90_67 .array/port v0x55eb8f264b90, 67;
v0x55eb8f264b90_68 .array/port v0x55eb8f264b90, 68;
v0x55eb8f264b90_69 .array/port v0x55eb8f264b90, 69;
E_0x55eb8f1d3eb0/17 .event anyedge, v0x55eb8f264b90_66, v0x55eb8f264b90_67, v0x55eb8f264b90_68, v0x55eb8f264b90_69;
v0x55eb8f264b90_70 .array/port v0x55eb8f264b90, 70;
v0x55eb8f264b90_71 .array/port v0x55eb8f264b90, 71;
v0x55eb8f264b90_72 .array/port v0x55eb8f264b90, 72;
v0x55eb8f264b90_73 .array/port v0x55eb8f264b90, 73;
E_0x55eb8f1d3eb0/18 .event anyedge, v0x55eb8f264b90_70, v0x55eb8f264b90_71, v0x55eb8f264b90_72, v0x55eb8f264b90_73;
v0x55eb8f264b90_74 .array/port v0x55eb8f264b90, 74;
v0x55eb8f264b90_75 .array/port v0x55eb8f264b90, 75;
v0x55eb8f264b90_76 .array/port v0x55eb8f264b90, 76;
v0x55eb8f264b90_77 .array/port v0x55eb8f264b90, 77;
E_0x55eb8f1d3eb0/19 .event anyedge, v0x55eb8f264b90_74, v0x55eb8f264b90_75, v0x55eb8f264b90_76, v0x55eb8f264b90_77;
v0x55eb8f264b90_78 .array/port v0x55eb8f264b90, 78;
v0x55eb8f264b90_79 .array/port v0x55eb8f264b90, 79;
v0x55eb8f264b90_80 .array/port v0x55eb8f264b90, 80;
v0x55eb8f264b90_81 .array/port v0x55eb8f264b90, 81;
E_0x55eb8f1d3eb0/20 .event anyedge, v0x55eb8f264b90_78, v0x55eb8f264b90_79, v0x55eb8f264b90_80, v0x55eb8f264b90_81;
v0x55eb8f264b90_82 .array/port v0x55eb8f264b90, 82;
v0x55eb8f264b90_83 .array/port v0x55eb8f264b90, 83;
v0x55eb8f264b90_84 .array/port v0x55eb8f264b90, 84;
v0x55eb8f264b90_85 .array/port v0x55eb8f264b90, 85;
E_0x55eb8f1d3eb0/21 .event anyedge, v0x55eb8f264b90_82, v0x55eb8f264b90_83, v0x55eb8f264b90_84, v0x55eb8f264b90_85;
v0x55eb8f264b90_86 .array/port v0x55eb8f264b90, 86;
v0x55eb8f264b90_87 .array/port v0x55eb8f264b90, 87;
v0x55eb8f264b90_88 .array/port v0x55eb8f264b90, 88;
v0x55eb8f264b90_89 .array/port v0x55eb8f264b90, 89;
E_0x55eb8f1d3eb0/22 .event anyedge, v0x55eb8f264b90_86, v0x55eb8f264b90_87, v0x55eb8f264b90_88, v0x55eb8f264b90_89;
v0x55eb8f264b90_90 .array/port v0x55eb8f264b90, 90;
v0x55eb8f264b90_91 .array/port v0x55eb8f264b90, 91;
v0x55eb8f264b90_92 .array/port v0x55eb8f264b90, 92;
v0x55eb8f264b90_93 .array/port v0x55eb8f264b90, 93;
E_0x55eb8f1d3eb0/23 .event anyedge, v0x55eb8f264b90_90, v0x55eb8f264b90_91, v0x55eb8f264b90_92, v0x55eb8f264b90_93;
v0x55eb8f264b90_94 .array/port v0x55eb8f264b90, 94;
v0x55eb8f264b90_95 .array/port v0x55eb8f264b90, 95;
v0x55eb8f264b90_96 .array/port v0x55eb8f264b90, 96;
v0x55eb8f264b90_97 .array/port v0x55eb8f264b90, 97;
E_0x55eb8f1d3eb0/24 .event anyedge, v0x55eb8f264b90_94, v0x55eb8f264b90_95, v0x55eb8f264b90_96, v0x55eb8f264b90_97;
v0x55eb8f264b90_98 .array/port v0x55eb8f264b90, 98;
v0x55eb8f264b90_99 .array/port v0x55eb8f264b90, 99;
v0x55eb8f264b90_100 .array/port v0x55eb8f264b90, 100;
v0x55eb8f264b90_101 .array/port v0x55eb8f264b90, 101;
E_0x55eb8f1d3eb0/25 .event anyedge, v0x55eb8f264b90_98, v0x55eb8f264b90_99, v0x55eb8f264b90_100, v0x55eb8f264b90_101;
v0x55eb8f264b90_102 .array/port v0x55eb8f264b90, 102;
v0x55eb8f264b90_103 .array/port v0x55eb8f264b90, 103;
v0x55eb8f264b90_104 .array/port v0x55eb8f264b90, 104;
v0x55eb8f264b90_105 .array/port v0x55eb8f264b90, 105;
E_0x55eb8f1d3eb0/26 .event anyedge, v0x55eb8f264b90_102, v0x55eb8f264b90_103, v0x55eb8f264b90_104, v0x55eb8f264b90_105;
v0x55eb8f264b90_106 .array/port v0x55eb8f264b90, 106;
v0x55eb8f264b90_107 .array/port v0x55eb8f264b90, 107;
v0x55eb8f264b90_108 .array/port v0x55eb8f264b90, 108;
v0x55eb8f264b90_109 .array/port v0x55eb8f264b90, 109;
E_0x55eb8f1d3eb0/27 .event anyedge, v0x55eb8f264b90_106, v0x55eb8f264b90_107, v0x55eb8f264b90_108, v0x55eb8f264b90_109;
v0x55eb8f264b90_110 .array/port v0x55eb8f264b90, 110;
v0x55eb8f264b90_111 .array/port v0x55eb8f264b90, 111;
v0x55eb8f264b90_112 .array/port v0x55eb8f264b90, 112;
v0x55eb8f264b90_113 .array/port v0x55eb8f264b90, 113;
E_0x55eb8f1d3eb0/28 .event anyedge, v0x55eb8f264b90_110, v0x55eb8f264b90_111, v0x55eb8f264b90_112, v0x55eb8f264b90_113;
v0x55eb8f264b90_114 .array/port v0x55eb8f264b90, 114;
v0x55eb8f264b90_115 .array/port v0x55eb8f264b90, 115;
v0x55eb8f264b90_116 .array/port v0x55eb8f264b90, 116;
v0x55eb8f264b90_117 .array/port v0x55eb8f264b90, 117;
E_0x55eb8f1d3eb0/29 .event anyedge, v0x55eb8f264b90_114, v0x55eb8f264b90_115, v0x55eb8f264b90_116, v0x55eb8f264b90_117;
v0x55eb8f264b90_118 .array/port v0x55eb8f264b90, 118;
v0x55eb8f264b90_119 .array/port v0x55eb8f264b90, 119;
v0x55eb8f264b90_120 .array/port v0x55eb8f264b90, 120;
v0x55eb8f264b90_121 .array/port v0x55eb8f264b90, 121;
E_0x55eb8f1d3eb0/30 .event anyedge, v0x55eb8f264b90_118, v0x55eb8f264b90_119, v0x55eb8f264b90_120, v0x55eb8f264b90_121;
v0x55eb8f264b90_122 .array/port v0x55eb8f264b90, 122;
v0x55eb8f264b90_123 .array/port v0x55eb8f264b90, 123;
v0x55eb8f264b90_124 .array/port v0x55eb8f264b90, 124;
v0x55eb8f264b90_125 .array/port v0x55eb8f264b90, 125;
E_0x55eb8f1d3eb0/31 .event anyedge, v0x55eb8f264b90_122, v0x55eb8f264b90_123, v0x55eb8f264b90_124, v0x55eb8f264b90_125;
v0x55eb8f264b90_126 .array/port v0x55eb8f264b90, 126;
v0x55eb8f264b90_127 .array/port v0x55eb8f264b90, 127;
v0x55eb8f264b90_128 .array/port v0x55eb8f264b90, 128;
v0x55eb8f264b90_129 .array/port v0x55eb8f264b90, 129;
E_0x55eb8f1d3eb0/32 .event anyedge, v0x55eb8f264b90_126, v0x55eb8f264b90_127, v0x55eb8f264b90_128, v0x55eb8f264b90_129;
v0x55eb8f264b90_130 .array/port v0x55eb8f264b90, 130;
v0x55eb8f264b90_131 .array/port v0x55eb8f264b90, 131;
v0x55eb8f264b90_132 .array/port v0x55eb8f264b90, 132;
v0x55eb8f264b90_133 .array/port v0x55eb8f264b90, 133;
E_0x55eb8f1d3eb0/33 .event anyedge, v0x55eb8f264b90_130, v0x55eb8f264b90_131, v0x55eb8f264b90_132, v0x55eb8f264b90_133;
v0x55eb8f264b90_134 .array/port v0x55eb8f264b90, 134;
v0x55eb8f264b90_135 .array/port v0x55eb8f264b90, 135;
v0x55eb8f264b90_136 .array/port v0x55eb8f264b90, 136;
v0x55eb8f264b90_137 .array/port v0x55eb8f264b90, 137;
E_0x55eb8f1d3eb0/34 .event anyedge, v0x55eb8f264b90_134, v0x55eb8f264b90_135, v0x55eb8f264b90_136, v0x55eb8f264b90_137;
v0x55eb8f264b90_138 .array/port v0x55eb8f264b90, 138;
v0x55eb8f264b90_139 .array/port v0x55eb8f264b90, 139;
v0x55eb8f264b90_140 .array/port v0x55eb8f264b90, 140;
v0x55eb8f264b90_141 .array/port v0x55eb8f264b90, 141;
E_0x55eb8f1d3eb0/35 .event anyedge, v0x55eb8f264b90_138, v0x55eb8f264b90_139, v0x55eb8f264b90_140, v0x55eb8f264b90_141;
v0x55eb8f264b90_142 .array/port v0x55eb8f264b90, 142;
v0x55eb8f264b90_143 .array/port v0x55eb8f264b90, 143;
v0x55eb8f264b90_144 .array/port v0x55eb8f264b90, 144;
v0x55eb8f264b90_145 .array/port v0x55eb8f264b90, 145;
E_0x55eb8f1d3eb0/36 .event anyedge, v0x55eb8f264b90_142, v0x55eb8f264b90_143, v0x55eb8f264b90_144, v0x55eb8f264b90_145;
v0x55eb8f264b90_146 .array/port v0x55eb8f264b90, 146;
v0x55eb8f264b90_147 .array/port v0x55eb8f264b90, 147;
v0x55eb8f264b90_148 .array/port v0x55eb8f264b90, 148;
v0x55eb8f264b90_149 .array/port v0x55eb8f264b90, 149;
E_0x55eb8f1d3eb0/37 .event anyedge, v0x55eb8f264b90_146, v0x55eb8f264b90_147, v0x55eb8f264b90_148, v0x55eb8f264b90_149;
v0x55eb8f264b90_150 .array/port v0x55eb8f264b90, 150;
v0x55eb8f264b90_151 .array/port v0x55eb8f264b90, 151;
v0x55eb8f264b90_152 .array/port v0x55eb8f264b90, 152;
v0x55eb8f264b90_153 .array/port v0x55eb8f264b90, 153;
E_0x55eb8f1d3eb0/38 .event anyedge, v0x55eb8f264b90_150, v0x55eb8f264b90_151, v0x55eb8f264b90_152, v0x55eb8f264b90_153;
v0x55eb8f264b90_154 .array/port v0x55eb8f264b90, 154;
v0x55eb8f264b90_155 .array/port v0x55eb8f264b90, 155;
v0x55eb8f264b90_156 .array/port v0x55eb8f264b90, 156;
v0x55eb8f264b90_157 .array/port v0x55eb8f264b90, 157;
E_0x55eb8f1d3eb0/39 .event anyedge, v0x55eb8f264b90_154, v0x55eb8f264b90_155, v0x55eb8f264b90_156, v0x55eb8f264b90_157;
v0x55eb8f264b90_158 .array/port v0x55eb8f264b90, 158;
v0x55eb8f264b90_159 .array/port v0x55eb8f264b90, 159;
v0x55eb8f264b90_160 .array/port v0x55eb8f264b90, 160;
v0x55eb8f264b90_161 .array/port v0x55eb8f264b90, 161;
E_0x55eb8f1d3eb0/40 .event anyedge, v0x55eb8f264b90_158, v0x55eb8f264b90_159, v0x55eb8f264b90_160, v0x55eb8f264b90_161;
v0x55eb8f264b90_162 .array/port v0x55eb8f264b90, 162;
v0x55eb8f264b90_163 .array/port v0x55eb8f264b90, 163;
v0x55eb8f264b90_164 .array/port v0x55eb8f264b90, 164;
v0x55eb8f264b90_165 .array/port v0x55eb8f264b90, 165;
E_0x55eb8f1d3eb0/41 .event anyedge, v0x55eb8f264b90_162, v0x55eb8f264b90_163, v0x55eb8f264b90_164, v0x55eb8f264b90_165;
v0x55eb8f264b90_166 .array/port v0x55eb8f264b90, 166;
v0x55eb8f264b90_167 .array/port v0x55eb8f264b90, 167;
v0x55eb8f264b90_168 .array/port v0x55eb8f264b90, 168;
v0x55eb8f264b90_169 .array/port v0x55eb8f264b90, 169;
E_0x55eb8f1d3eb0/42 .event anyedge, v0x55eb8f264b90_166, v0x55eb8f264b90_167, v0x55eb8f264b90_168, v0x55eb8f264b90_169;
v0x55eb8f264b90_170 .array/port v0x55eb8f264b90, 170;
v0x55eb8f264b90_171 .array/port v0x55eb8f264b90, 171;
v0x55eb8f264b90_172 .array/port v0x55eb8f264b90, 172;
v0x55eb8f264b90_173 .array/port v0x55eb8f264b90, 173;
E_0x55eb8f1d3eb0/43 .event anyedge, v0x55eb8f264b90_170, v0x55eb8f264b90_171, v0x55eb8f264b90_172, v0x55eb8f264b90_173;
v0x55eb8f264b90_174 .array/port v0x55eb8f264b90, 174;
v0x55eb8f264b90_175 .array/port v0x55eb8f264b90, 175;
v0x55eb8f264b90_176 .array/port v0x55eb8f264b90, 176;
v0x55eb8f264b90_177 .array/port v0x55eb8f264b90, 177;
E_0x55eb8f1d3eb0/44 .event anyedge, v0x55eb8f264b90_174, v0x55eb8f264b90_175, v0x55eb8f264b90_176, v0x55eb8f264b90_177;
v0x55eb8f264b90_178 .array/port v0x55eb8f264b90, 178;
v0x55eb8f264b90_179 .array/port v0x55eb8f264b90, 179;
v0x55eb8f264b90_180 .array/port v0x55eb8f264b90, 180;
v0x55eb8f264b90_181 .array/port v0x55eb8f264b90, 181;
E_0x55eb8f1d3eb0/45 .event anyedge, v0x55eb8f264b90_178, v0x55eb8f264b90_179, v0x55eb8f264b90_180, v0x55eb8f264b90_181;
v0x55eb8f264b90_182 .array/port v0x55eb8f264b90, 182;
v0x55eb8f264b90_183 .array/port v0x55eb8f264b90, 183;
v0x55eb8f264b90_184 .array/port v0x55eb8f264b90, 184;
v0x55eb8f264b90_185 .array/port v0x55eb8f264b90, 185;
E_0x55eb8f1d3eb0/46 .event anyedge, v0x55eb8f264b90_182, v0x55eb8f264b90_183, v0x55eb8f264b90_184, v0x55eb8f264b90_185;
v0x55eb8f264b90_186 .array/port v0x55eb8f264b90, 186;
v0x55eb8f264b90_187 .array/port v0x55eb8f264b90, 187;
v0x55eb8f264b90_188 .array/port v0x55eb8f264b90, 188;
v0x55eb8f264b90_189 .array/port v0x55eb8f264b90, 189;
E_0x55eb8f1d3eb0/47 .event anyedge, v0x55eb8f264b90_186, v0x55eb8f264b90_187, v0x55eb8f264b90_188, v0x55eb8f264b90_189;
v0x55eb8f264b90_190 .array/port v0x55eb8f264b90, 190;
v0x55eb8f264b90_191 .array/port v0x55eb8f264b90, 191;
v0x55eb8f264b90_192 .array/port v0x55eb8f264b90, 192;
v0x55eb8f264b90_193 .array/port v0x55eb8f264b90, 193;
E_0x55eb8f1d3eb0/48 .event anyedge, v0x55eb8f264b90_190, v0x55eb8f264b90_191, v0x55eb8f264b90_192, v0x55eb8f264b90_193;
v0x55eb8f264b90_194 .array/port v0x55eb8f264b90, 194;
v0x55eb8f264b90_195 .array/port v0x55eb8f264b90, 195;
v0x55eb8f264b90_196 .array/port v0x55eb8f264b90, 196;
v0x55eb8f264b90_197 .array/port v0x55eb8f264b90, 197;
E_0x55eb8f1d3eb0/49 .event anyedge, v0x55eb8f264b90_194, v0x55eb8f264b90_195, v0x55eb8f264b90_196, v0x55eb8f264b90_197;
v0x55eb8f264b90_198 .array/port v0x55eb8f264b90, 198;
v0x55eb8f264b90_199 .array/port v0x55eb8f264b90, 199;
v0x55eb8f264b90_200 .array/port v0x55eb8f264b90, 200;
v0x55eb8f264b90_201 .array/port v0x55eb8f264b90, 201;
E_0x55eb8f1d3eb0/50 .event anyedge, v0x55eb8f264b90_198, v0x55eb8f264b90_199, v0x55eb8f264b90_200, v0x55eb8f264b90_201;
v0x55eb8f264b90_202 .array/port v0x55eb8f264b90, 202;
v0x55eb8f264b90_203 .array/port v0x55eb8f264b90, 203;
v0x55eb8f264b90_204 .array/port v0x55eb8f264b90, 204;
v0x55eb8f264b90_205 .array/port v0x55eb8f264b90, 205;
E_0x55eb8f1d3eb0/51 .event anyedge, v0x55eb8f264b90_202, v0x55eb8f264b90_203, v0x55eb8f264b90_204, v0x55eb8f264b90_205;
v0x55eb8f264b90_206 .array/port v0x55eb8f264b90, 206;
v0x55eb8f264b90_207 .array/port v0x55eb8f264b90, 207;
v0x55eb8f264b90_208 .array/port v0x55eb8f264b90, 208;
v0x55eb8f264b90_209 .array/port v0x55eb8f264b90, 209;
E_0x55eb8f1d3eb0/52 .event anyedge, v0x55eb8f264b90_206, v0x55eb8f264b90_207, v0x55eb8f264b90_208, v0x55eb8f264b90_209;
v0x55eb8f264b90_210 .array/port v0x55eb8f264b90, 210;
v0x55eb8f264b90_211 .array/port v0x55eb8f264b90, 211;
v0x55eb8f264b90_212 .array/port v0x55eb8f264b90, 212;
v0x55eb8f264b90_213 .array/port v0x55eb8f264b90, 213;
E_0x55eb8f1d3eb0/53 .event anyedge, v0x55eb8f264b90_210, v0x55eb8f264b90_211, v0x55eb8f264b90_212, v0x55eb8f264b90_213;
v0x55eb8f264b90_214 .array/port v0x55eb8f264b90, 214;
v0x55eb8f264b90_215 .array/port v0x55eb8f264b90, 215;
v0x55eb8f264b90_216 .array/port v0x55eb8f264b90, 216;
v0x55eb8f264b90_217 .array/port v0x55eb8f264b90, 217;
E_0x55eb8f1d3eb0/54 .event anyedge, v0x55eb8f264b90_214, v0x55eb8f264b90_215, v0x55eb8f264b90_216, v0x55eb8f264b90_217;
v0x55eb8f264b90_218 .array/port v0x55eb8f264b90, 218;
v0x55eb8f264b90_219 .array/port v0x55eb8f264b90, 219;
v0x55eb8f264b90_220 .array/port v0x55eb8f264b90, 220;
v0x55eb8f264b90_221 .array/port v0x55eb8f264b90, 221;
E_0x55eb8f1d3eb0/55 .event anyedge, v0x55eb8f264b90_218, v0x55eb8f264b90_219, v0x55eb8f264b90_220, v0x55eb8f264b90_221;
v0x55eb8f264b90_222 .array/port v0x55eb8f264b90, 222;
v0x55eb8f264b90_223 .array/port v0x55eb8f264b90, 223;
v0x55eb8f264b90_224 .array/port v0x55eb8f264b90, 224;
v0x55eb8f264b90_225 .array/port v0x55eb8f264b90, 225;
E_0x55eb8f1d3eb0/56 .event anyedge, v0x55eb8f264b90_222, v0x55eb8f264b90_223, v0x55eb8f264b90_224, v0x55eb8f264b90_225;
v0x55eb8f264b90_226 .array/port v0x55eb8f264b90, 226;
v0x55eb8f264b90_227 .array/port v0x55eb8f264b90, 227;
v0x55eb8f264b90_228 .array/port v0x55eb8f264b90, 228;
v0x55eb8f264b90_229 .array/port v0x55eb8f264b90, 229;
E_0x55eb8f1d3eb0/57 .event anyedge, v0x55eb8f264b90_226, v0x55eb8f264b90_227, v0x55eb8f264b90_228, v0x55eb8f264b90_229;
v0x55eb8f264b90_230 .array/port v0x55eb8f264b90, 230;
v0x55eb8f264b90_231 .array/port v0x55eb8f264b90, 231;
v0x55eb8f264b90_232 .array/port v0x55eb8f264b90, 232;
v0x55eb8f264b90_233 .array/port v0x55eb8f264b90, 233;
E_0x55eb8f1d3eb0/58 .event anyedge, v0x55eb8f264b90_230, v0x55eb8f264b90_231, v0x55eb8f264b90_232, v0x55eb8f264b90_233;
v0x55eb8f264b90_234 .array/port v0x55eb8f264b90, 234;
v0x55eb8f264b90_235 .array/port v0x55eb8f264b90, 235;
v0x55eb8f264b90_236 .array/port v0x55eb8f264b90, 236;
v0x55eb8f264b90_237 .array/port v0x55eb8f264b90, 237;
E_0x55eb8f1d3eb0/59 .event anyedge, v0x55eb8f264b90_234, v0x55eb8f264b90_235, v0x55eb8f264b90_236, v0x55eb8f264b90_237;
v0x55eb8f264b90_238 .array/port v0x55eb8f264b90, 238;
v0x55eb8f264b90_239 .array/port v0x55eb8f264b90, 239;
v0x55eb8f264b90_240 .array/port v0x55eb8f264b90, 240;
v0x55eb8f264b90_241 .array/port v0x55eb8f264b90, 241;
E_0x55eb8f1d3eb0/60 .event anyedge, v0x55eb8f264b90_238, v0x55eb8f264b90_239, v0x55eb8f264b90_240, v0x55eb8f264b90_241;
v0x55eb8f264b90_242 .array/port v0x55eb8f264b90, 242;
v0x55eb8f264b90_243 .array/port v0x55eb8f264b90, 243;
v0x55eb8f264b90_244 .array/port v0x55eb8f264b90, 244;
v0x55eb8f264b90_245 .array/port v0x55eb8f264b90, 245;
E_0x55eb8f1d3eb0/61 .event anyedge, v0x55eb8f264b90_242, v0x55eb8f264b90_243, v0x55eb8f264b90_244, v0x55eb8f264b90_245;
v0x55eb8f264b90_246 .array/port v0x55eb8f264b90, 246;
v0x55eb8f264b90_247 .array/port v0x55eb8f264b90, 247;
v0x55eb8f264b90_248 .array/port v0x55eb8f264b90, 248;
v0x55eb8f264b90_249 .array/port v0x55eb8f264b90, 249;
E_0x55eb8f1d3eb0/62 .event anyedge, v0x55eb8f264b90_246, v0x55eb8f264b90_247, v0x55eb8f264b90_248, v0x55eb8f264b90_249;
v0x55eb8f264b90_250 .array/port v0x55eb8f264b90, 250;
v0x55eb8f264b90_251 .array/port v0x55eb8f264b90, 251;
v0x55eb8f264b90_252 .array/port v0x55eb8f264b90, 252;
v0x55eb8f264b90_253 .array/port v0x55eb8f264b90, 253;
E_0x55eb8f1d3eb0/63 .event anyedge, v0x55eb8f264b90_250, v0x55eb8f264b90_251, v0x55eb8f264b90_252, v0x55eb8f264b90_253;
v0x55eb8f264b90_254 .array/port v0x55eb8f264b90, 254;
v0x55eb8f264b90_255 .array/port v0x55eb8f264b90, 255;
E_0x55eb8f1d3eb0/64 .event anyedge, v0x55eb8f264b90_254, v0x55eb8f264b90_255, v0x55eb8f263670_0;
E_0x55eb8f1d3eb0 .event/or E_0x55eb8f1d3eb0/0, E_0x55eb8f1d3eb0/1, E_0x55eb8f1d3eb0/2, E_0x55eb8f1d3eb0/3, E_0x55eb8f1d3eb0/4, E_0x55eb8f1d3eb0/5, E_0x55eb8f1d3eb0/6, E_0x55eb8f1d3eb0/7, E_0x55eb8f1d3eb0/8, E_0x55eb8f1d3eb0/9, E_0x55eb8f1d3eb0/10, E_0x55eb8f1d3eb0/11, E_0x55eb8f1d3eb0/12, E_0x55eb8f1d3eb0/13, E_0x55eb8f1d3eb0/14, E_0x55eb8f1d3eb0/15, E_0x55eb8f1d3eb0/16, E_0x55eb8f1d3eb0/17, E_0x55eb8f1d3eb0/18, E_0x55eb8f1d3eb0/19, E_0x55eb8f1d3eb0/20, E_0x55eb8f1d3eb0/21, E_0x55eb8f1d3eb0/22, E_0x55eb8f1d3eb0/23, E_0x55eb8f1d3eb0/24, E_0x55eb8f1d3eb0/25, E_0x55eb8f1d3eb0/26, E_0x55eb8f1d3eb0/27, E_0x55eb8f1d3eb0/28, E_0x55eb8f1d3eb0/29, E_0x55eb8f1d3eb0/30, E_0x55eb8f1d3eb0/31, E_0x55eb8f1d3eb0/32, E_0x55eb8f1d3eb0/33, E_0x55eb8f1d3eb0/34, E_0x55eb8f1d3eb0/35, E_0x55eb8f1d3eb0/36, E_0x55eb8f1d3eb0/37, E_0x55eb8f1d3eb0/38, E_0x55eb8f1d3eb0/39, E_0x55eb8f1d3eb0/40, E_0x55eb8f1d3eb0/41, E_0x55eb8f1d3eb0/42, E_0x55eb8f1d3eb0/43, E_0x55eb8f1d3eb0/44, E_0x55eb8f1d3eb0/45, E_0x55eb8f1d3eb0/46, E_0x55eb8f1d3eb0/47, E_0x55eb8f1d3eb0/48, E_0x55eb8f1d3eb0/49, E_0x55eb8f1d3eb0/50, E_0x55eb8f1d3eb0/51, E_0x55eb8f1d3eb0/52, E_0x55eb8f1d3eb0/53, E_0x55eb8f1d3eb0/54, E_0x55eb8f1d3eb0/55, E_0x55eb8f1d3eb0/56, E_0x55eb8f1d3eb0/57, E_0x55eb8f1d3eb0/58, E_0x55eb8f1d3eb0/59, E_0x55eb8f1d3eb0/60, E_0x55eb8f1d3eb0/61, E_0x55eb8f1d3eb0/62, E_0x55eb8f1d3eb0/63, E_0x55eb8f1d3eb0/64;
S_0x55eb8f264480 .scope begin, "$ivl_for_loop0" "$ivl_for_loop0" 6 14, 6 14 0, S_0x55eb8f2639e0;
 .timescale 0 0;
v0x55eb8f264630_0 .var/i "i", 31 0;
S_0x55eb8f264730 .scope begin, "$ivl_for_loop1" "$ivl_for_loop1" 6 26, 6 26 0, S_0x55eb8f2639e0;
 .timescale 0 0;
v0x55eb8f264930_0 .var/i "i", 31 0;
S_0x55eb8f267960 .scope module, "immediate_generator" "immediate_generator" 2 54, 7 1 0, S_0x55eb8f234020;
 .timescale 0 0;
    .port_info 0 /INPUT 32 "data_in";
    .port_info 1 /OUTPUT 32 "data_out";
v0x55eb8f267ba0_0 .net "data_in", 31 0, L_0x55eb8f281080;  alias, 1 drivers
v0x55eb8f267cb0_0 .var "data_out", 31 0;
E_0x55eb8f1d31b0 .event anyedge, v0x55eb8f2630d0_0;
S_0x55eb8f267dd0 .scope module, "instruction_memory" "instruction_memory" 2 43, 8 1 0, S_0x55eb8f234020;
 .timescale 0 0;
    .port_info 0 /INPUT 32 "raddr";
    .port_info 1 /OUTPUT 32 "instr";
v0x55eb8f267fb0_0 .net *"_ivl_0", 7 0, L_0x55eb8f27ffd0;  1 drivers
v0x55eb8f2680b0_0 .net *"_ivl_11", 7 0, L_0x55eb8f2802f0;  1 drivers
v0x55eb8f268190_0 .net *"_ivl_12", 31 0, L_0x55eb8f280390;  1 drivers
L_0x70d4f2691258 .functor BUFT 1, C4<000000000000000000000000>, C4<0>, C4<0>, C4<0>;
v0x55eb8f268280_0 .net *"_ivl_15", 23 0, L_0x70d4f2691258;  1 drivers
L_0x70d4f26912a0 .functor BUFT 1, C4<00000000000000000000000000000001>, C4<0>, C4<0>, C4<0>;
v0x55eb8f268360_0 .net/2u *"_ivl_16", 31 0, L_0x70d4f26912a0;  1 drivers
v0x55eb8f268490_0 .net *"_ivl_18", 31 0, L_0x55eb8f280560;  1 drivers
v0x55eb8f268570_0 .net *"_ivl_20", 7 0, L_0x55eb8f2806a0;  1 drivers
v0x55eb8f268650_0 .net *"_ivl_23", 7 0, L_0x55eb8f280790;  1 drivers
v0x55eb8f268730_0 .net *"_ivl_24", 31 0, L_0x55eb8f280830;  1 drivers
L_0x70d4f26912e8 .functor BUFT 1, C4<000000000000000000000000>, C4<0>, C4<0>, C4<0>;
v0x55eb8f2688a0_0 .net *"_ivl_27", 23 0, L_0x70d4f26912e8;  1 drivers
L_0x70d4f2691330 .functor BUFT 1, C4<00000000000000000000000000000010>, C4<0>, C4<0>, C4<0>;
v0x55eb8f268980_0 .net/2u *"_ivl_28", 31 0, L_0x70d4f2691330;  1 drivers
v0x55eb8f268a60_0 .net *"_ivl_3", 7 0, L_0x55eb8f280070;  1 drivers
v0x55eb8f268b40_0 .net *"_ivl_30", 31 0, L_0x55eb8f280980;  1 drivers
v0x55eb8f268c20_0 .net *"_ivl_32", 7 0, L_0x55eb8f280b10;  1 drivers
v0x55eb8f268d00_0 .net *"_ivl_35", 7 0, L_0x55eb8f280c20;  1 drivers
v0x55eb8f268de0_0 .net *"_ivl_36", 31 0, L_0x55eb8f280dd0;  1 drivers
L_0x70d4f2691378 .functor BUFT 1, C4<000000000000000000000000>, C4<0>, C4<0>, C4<0>;
v0x55eb8f268ec0_0 .net *"_ivl_39", 23 0, L_0x70d4f2691378;  1 drivers
v0x55eb8f268fa0_0 .net *"_ivl_4", 9 0, L_0x55eb8f280110;  1 drivers
L_0x70d4f26913c0 .functor BUFT 1, C4<00000000000000000000000000000011>, C4<0>, C4<0>, C4<0>;
v0x55eb8f269080_0 .net/2u *"_ivl_40", 31 0, L_0x70d4f26913c0;  1 drivers
v0x55eb8f269160_0 .net *"_ivl_42", 31 0, L_0x55eb8f280ef0;  1 drivers
L_0x70d4f2691210 .functor BUFT 1, C4<00>, C4<0>, C4<0>, C4<0>;
v0x55eb8f269240_0 .net *"_ivl_7", 1 0, L_0x70d4f2691210;  1 drivers
v0x55eb8f269320_0 .net *"_ivl_8", 7 0, L_0x55eb8f280250;  1 drivers
v0x55eb8f269400_0 .net "instr", 31 0, L_0x55eb8f281080;  alias, 1 drivers
v0x55eb8f2694c0 .array "instruction_memory", 255 0, 7 0;
v0x55eb8f269580_0 .net "raddr", 31 0, v0x55eb8f26b040_0;  alias, 1 drivers
L_0x55eb8f27ffd0 .array/port v0x55eb8f2694c0, L_0x55eb8f280110;
L_0x55eb8f280070 .part v0x55eb8f26b040_0, 0, 8;
L_0x55eb8f280110 .concat [ 8 2 0 0], L_0x55eb8f280070, L_0x70d4f2691210;
L_0x55eb8f280250 .array/port v0x55eb8f2694c0, L_0x55eb8f280560;
L_0x55eb8f2802f0 .part v0x55eb8f26b040_0, 0, 8;
L_0x55eb8f280390 .concat [ 8 24 0 0], L_0x55eb8f2802f0, L_0x70d4f2691258;
L_0x55eb8f280560 .arith/sum 32, L_0x55eb8f280390, L_0x70d4f26912a0;
L_0x55eb8f2806a0 .array/port v0x55eb8f2694c0, L_0x55eb8f280980;
L_0x55eb8f280790 .part v0x55eb8f26b040_0, 0, 8;
L_0x55eb8f280830 .concat [ 8 24 0 0], L_0x55eb8f280790, L_0x70d4f26912e8;
L_0x55eb8f280980 .arith/sum 32, L_0x55eb8f280830, L_0x70d4f2691330;
L_0x55eb8f280b10 .array/port v0x55eb8f2694c0, L_0x55eb8f280ef0;
L_0x55eb8f280c20 .part v0x55eb8f26b040_0, 0, 8;
L_0x55eb8f280dd0 .concat [ 8 24 0 0], L_0x55eb8f280c20, L_0x70d4f2691378;
L_0x55eb8f280ef0 .arith/sum 32, L_0x55eb8f280dd0, L_0x70d4f26913c0;
L_0x55eb8f281080 .concat [ 8 8 8 8], L_0x55eb8f280b10, L_0x55eb8f2806a0, L_0x55eb8f280250, L_0x55eb8f27ffd0;
S_0x55eb8f2696f0 .scope module, "jalrmux" "mux" 2 91, 4 1 0, S_0x55eb8f234020;
 .timescale 0 0;
    .port_info 0 /INPUT 64 "data_in";
    .port_info 1 /INPUT 1 "sel";
    .port_info 2 /OUTPUT 32 "out";
P_0x55eb8f2698d0 .param/l "DATA_WIDTH" 0 4 2, +C4<00000000000000000000000000100000>;
P_0x55eb8f269910 .param/l "INPUT_WIDTH" 0 4 3, +C4<00000000000000000000000000000010>;
P_0x55eb8f269950 .param/l "SELECT_BITS" 0 4 4, +C4<00000000000000000000000000000001>;
v0x55eb8f269ae0_0 .net *"_ivl_0", 31 0, L_0x55eb8f2821c0;  1 drivers
L_0x70d4f2691648 .functor BUFT 1, C4<0000000000000000000000000000000>, C4<0>, C4<0>, C4<0>;
v0x55eb8f269be0_0 .net *"_ivl_3", 30 0, L_0x70d4f2691648;  1 drivers
L_0x70d4f2691690 .functor BUFT 1, C4<00000000000000000000000000100000>, C4<0>, C4<0>, C4<0>;
v0x55eb8f269cc0_0 .net/2u *"_ivl_4", 31 0, L_0x70d4f2691690;  1 drivers
v0x55eb8f269db0_0 .net *"_ivl_7", 31 0, L_0x55eb8f2822b0;  1 drivers
v0x55eb8f269e90_0 .net "data_in", 63 0, L_0x55eb8f2826c0;  1 drivers
v0x55eb8f269fc0_0 .net "out", 31 0, L_0x55eb8f2823f0;  alias, 1 drivers
v0x55eb8f26a0a0_0 .net "sel", 0 0, v0x55eb8f263190_0;  alias, 1 drivers
L_0x55eb8f2821c0 .concat [ 1 31 0 0], v0x55eb8f263190_0, L_0x70d4f2691648;
L_0x55eb8f2822b0 .arith/mult 32, L_0x55eb8f2821c0, L_0x70d4f2691690;
L_0x55eb8f2823f0 .part/v L_0x55eb8f2826c0, L_0x55eb8f2822b0, 32;
S_0x55eb8f26a1c0 .scope module, "jumpmux" "mux" 2 73, 4 1 0, S_0x55eb8f234020;
 .timescale 0 0;
    .port_info 0 /INPUT 64 "data_in";
    .port_info 1 /INPUT 1 "sel";
    .port_info 2 /OUTPUT 32 "out";
P_0x55eb8f26a3a0 .param/l "DATA_WIDTH" 0 4 2, +C4<00000000000000000000000000100000>;
P_0x55eb8f26a3e0 .param/l "INPUT_WIDTH" 0 4 3, +C4<00000000000000000000000000000010>;
P_0x55eb8f26a420 .param/l "SELECT_BITS" 0 4 4, +C4<00000000000000000000000000000001>;
v0x55eb8f26a640_0 .net *"_ivl_0", 31 0, L_0x55eb8f2812f0;  1 drivers
L_0x70d4f2691498 .functor BUFT 1, C4<0000000000000000000000000000000>, C4<0>, C4<0>, C4<0>;
v0x55eb8f26a740_0 .net *"_ivl_3", 30 0, L_0x70d4f2691498;  1 drivers
L_0x70d4f26914e0 .functor BUFT 1, C4<00000000000000000000000000100000>, C4<0>, C4<0>, C4<0>;
v0x55eb8f26a820_0 .net/2u *"_ivl_4", 31 0, L_0x70d4f26914e0;  1 drivers
v0x55eb8f26a910_0 .net *"_ivl_7", 31 0, L_0x55eb8f2814a0;  1 drivers
v0x55eb8f26a9f0_0 .net "data_in", 63 0, L_0x55eb8f2816d0;  1 drivers
v0x55eb8f26ab20_0 .net "out", 31 0, L_0x55eb8f2815e0;  alias, 1 drivers
v0x55eb8f26ac00_0 .net "sel", 0 0, v0x55eb8f263250_0;  alias, 1 drivers
L_0x55eb8f2812f0 .concat [ 1 31 0 0], v0x55eb8f263250_0, L_0x70d4f2691498;
L_0x55eb8f2814a0 .arith/mult 32, L_0x55eb8f2812f0, L_0x70d4f26914e0;
L_0x55eb8f2815e0 .part/v L_0x55eb8f2816d0, L_0x55eb8f2814a0, 32;
S_0x55eb8f26ad20 .scope module, "pc" "program_counter" 2 48, 9 1 0, S_0x55eb8f234020;
 .timescale 0 0;
    .port_info 0 /INPUT 1 "clk";
    .port_info 1 /INPUT 32 "wdata";
    .port_info 2 /OUTPUT 32 "rdata";
v0x55eb8f26af50_0 .net "clk", 0 0, o0x70d4f2ae2008;  alias, 0 drivers
v0x55eb8f26b040_0 .var "program_counter", 31 0;
v0x55eb8f26b100_0 .net "rdata", 31 0, v0x55eb8f26b040_0;  alias, 1 drivers
v0x55eb8f26b1d0_0 .net "wdata", 31 0, L_0x55eb8f2815e0;  alias, 1 drivers
S_0x55eb8f26b320 .scope module, "register_file" "register_file" 2 32, 10 2 0, S_0x55eb8f234020;
 .timescale 0 0;
    .port_info 0 /INPUT 1 "clk";
    .port_info 1 /INPUT 1 "we";
    .port_info 2 /INPUT 5 "raddr1";
    .port_info 3 /INPUT 5 "raddr2";
    .port_info 4 /INPUT 5 "waddr";
    .port_info 5 /INPUT 32 "wdata";
    .port_info 6 /OUTPUT 32 "rdata1";
    .port_info 7 /OUTPUT 32 "rdata2";
L_0x70d4f2691060 .functor BUFT 1, C4<00000>, C4<0>, C4<0>, C4<0>;
v0x55eb8f26b620_0 .net/2u *"_ivl_0", 4 0, L_0x70d4f2691060;  1 drivers
L_0x70d4f26910f0 .functor BUFT 1, C4<00>, C4<0>, C4<0>, C4<0>;
v0x55eb8f26b700_0 .net *"_ivl_11", 1 0, L_0x70d4f26910f0;  1 drivers
L_0x70d4f2691138 .functor BUFT 1, C4<00000>, C4<0>, C4<0>, C4<0>;
v0x55eb8f26b7e0_0 .net/2u *"_ivl_14", 4 0, L_0x70d4f2691138;  1 drivers
v0x55eb8f26b8d0_0 .net *"_ivl_16", 0 0, L_0x55eb8f27f820;  1 drivers
L_0x70d4f2691180 .functor BUFT 1, C4<00000000000000000000000000000000>, C4<0>, C4<0>, C4<0>;
v0x55eb8f26b990_0 .net/2u *"_ivl_18", 31 0, L_0x70d4f2691180;  1 drivers
v0x55eb8f26bac0_0 .net *"_ivl_2", 0 0, L_0x55eb8f27f2a0;  1 drivers
v0x55eb8f26bb80_0 .net *"_ivl_20", 31 0, L_0x55eb8f27f910;  1 drivers
v0x55eb8f26bc60_0 .net *"_ivl_22", 6 0, L_0x55eb8f27f9f0;  1 drivers
L_0x70d4f26911c8 .functor BUFT 1, C4<00>, C4<0>, C4<0>, C4<0>;
v0x55eb8f26bd40_0 .net *"_ivl_25", 1 0, L_0x70d4f26911c8;  1 drivers
L_0x70d4f26910a8 .functor BUFT 1, C4<00000000000000000000000000000000>, C4<0>, C4<0>, C4<0>;
v0x55eb8f26be20_0 .net/2u *"_ivl_4", 31 0, L_0x70d4f26910a8;  1 drivers
v0x55eb8f26bf00_0 .net *"_ivl_6", 31 0, L_0x55eb8f27f390;  1 drivers
v0x55eb8f26bfe0_0 .net *"_ivl_8", 6 0, L_0x55eb8f27f430;  1 drivers
v0x55eb8f26c0c0_0 .net "clk", 0 0, o0x70d4f2ae2008;  alias, 0 drivers
v0x55eb8f26c160_0 .net "raddr1", 4 0, L_0x55eb8f27fd60;  1 drivers
v0x55eb8f26c240_0 .net "raddr2", 4 0, L_0x55eb8f27fe90;  1 drivers
v0x55eb8f26c320_0 .net "rdata1", 31 0, L_0x55eb8f27f5c0;  alias, 1 drivers
v0x55eb8f26c400_0 .net "rdata2", 31 0, L_0x55eb8f27fb80;  alias, 1 drivers
v0x55eb8f26c5d0 .array "register", 0 31, 31 0;
v0x55eb8f26c670_0 .net "waddr", 4 0, L_0x55eb8f27ff30;  1 drivers
v0x55eb8f26c750_0 .net "wdata", 31 0, L_0x55eb8f2832c0;  alias, 1 drivers
v0x55eb8f26c830_0 .net "we", 0 0, v0x55eb8f2634d0_0;  alias, 1 drivers
L_0x55eb8f27f2a0 .cmp/eq 5, L_0x55eb8f27fd60, L_0x70d4f2691060;
L_0x55eb8f27f390 .array/port v0x55eb8f26c5d0, L_0x55eb8f27f430;
L_0x55eb8f27f430 .concat [ 5 2 0 0], L_0x55eb8f27fd60, L_0x70d4f26910f0;
L_0x55eb8f27f5c0 .functor MUXZ 32, L_0x55eb8f27f390, L_0x70d4f26910a8, L_0x55eb8f27f2a0, C4<>;
L_0x55eb8f27f820 .cmp/eq 5, L_0x55eb8f27fe90, L_0x70d4f2691138;
L_0x55eb8f27f910 .array/port v0x55eb8f26c5d0, L_0x55eb8f27f9f0;
L_0x55eb8f27f9f0 .concat [ 5 2 0 0], L_0x55eb8f27fe90, L_0x70d4f26911c8;
L_0x55eb8f27fb80 .functor MUXZ 32, L_0x55eb8f27f910, L_0x70d4f2691180, L_0x55eb8f27f820, C4<>;
S_0x55eb8f26ca00 .scope module, "regmux" "mux" 2 109, 4 1 0, S_0x55eb8f234020;
 .timescale 0 0;
    .port_info 0 /INPUT 128 "data_in";
    .port_info 1 /INPUT 2 "sel";
    .port_info 2 /OUTPUT 32 "out";
P_0x55eb8f26cb90 .param/l "DATA_WIDTH" 0 4 2, +C4<00000000000000000000000000100000>;
P_0x55eb8f26cbd0 .param/l "INPUT_WIDTH" 0 4 3, +C4<00000000000000000000000000000100>;
P_0x55eb8f26cc10 .param/l "SELECT_BITS" 0 4 4, +C4<00000000000000000000000000000010>;
v0x55eb8f26ce50_0 .net *"_ivl_0", 31 0, L_0x55eb8f283130;  1 drivers
L_0x70d4f2691840 .functor BUFT 1, C4<000000000000000000000000000000>, C4<0>, C4<0>, C4<0>;
v0x55eb8f26cf50_0 .net *"_ivl_3", 29 0, L_0x70d4f2691840;  1 drivers
L_0x70d4f2691888 .functor BUFT 1, C4<00000000000000000000000000100000>, C4<0>, C4<0>, C4<0>;
v0x55eb8f26d030_0 .net/2u *"_ivl_4", 31 0, L_0x70d4f2691888;  1 drivers
v0x55eb8f26d120_0 .net *"_ivl_7", 31 0, L_0x55eb8f2831d0;  1 drivers
v0x55eb8f26d200_0 .net "data_in", 127 0, L_0x55eb8f2833b0;  1 drivers
v0x55eb8f26d330_0 .net "out", 31 0, L_0x55eb8f2832c0;  alias, 1 drivers
v0x55eb8f26d3f0_0 .net "sel", 1 0, v0x55eb8f263590_0;  alias, 1 drivers
L_0x55eb8f283130 .concat [ 2 30 0 0], v0x55eb8f263590_0, L_0x70d4f2691840;
L_0x55eb8f2831d0 .arith/mult 32, L_0x55eb8f283130, L_0x70d4f2691888;
L_0x55eb8f2832c0 .part/v L_0x55eb8f2833b0, L_0x55eb8f2831d0, 32;
    .scope S_0x55eb8f25f5b0;
T_0 ;
    %wait E_0x55eb8f1eec30;
    %load/vec4 v0x55eb8f25fa50_0;
    %dup/vec4;
    %pushi/vec4 0, 0, 4;
    %cmp/u;
    %jmp/1 T_0.0, 6;
    %dup/vec4;
    %pushi/vec4 1, 0, 4;
    %cmp/u;
    %jmp/1 T_0.1, 6;
    %dup/vec4;
    %pushi/vec4 2, 0, 4;
    %cmp/u;
    %jmp/1 T_0.2, 6;
    %dup/vec4;
    %pushi/vec4 3, 0, 4;
    %cmp/u;
    %jmp/1 T_0.3, 6;
    %dup/vec4;
    %pushi/vec4 4, 0, 4;
    %cmp/u;
    %jmp/1 T_0.4, 6;
    %dup/vec4;
    %pushi/vec4 5, 0, 4;
    %cmp/u;
    %jmp/1 T_0.5, 6;
    %dup/vec4;
    %pushi/vec4 6, 0, 4;
    %cmp/u;
    %jmp/1 T_0.6, 6;
    %dup/vec4;
    %pushi/vec4 7, 0, 4;
    %cmp/u;
    %jmp/1 T_0.7, 6;
    %dup/vec4;
    %pushi/vec4 8, 0, 4;
    %cmp/u;
    %jmp/1 T_0.8, 6;
    %dup/vec4;
    %pushi/vec4 9, 0, 4;
    %cmp/u;
    %jmp/1 T_0.9, 6;
    %dup/vec4;
    %pushi/vec4 10, 0, 4;
    %cmp/u;
    %jmp/1 T_0.10, 6;
    %dup/vec4;
    %pushi/vec4 11, 0, 4;
    %cmp/u;
    %jmp/1 T_0.11, 6;
    %dup/vec4;
    %pushi/vec4 12, 0, 4;
    %cmp/u;
    %jmp/1 T_0.12, 6;
    %dup/vec4;
    %pushi/vec4 13, 0, 4;
    %cmp/u;
    %jmp/1 T_0.13, 6;
    %pushi/vec4 0, 0, 32;
    %store/vec4 v0x55eb8f25f990_0, 0, 32;
    %jmp T_0.15;
T_0.0 ;
    %load/vec4 v0x55eb8f25f7b0_0;
    %load/vec4 v0x55eb8f25f8b0_0;
    %add;
    %store/vec4 v0x55eb8f25f990_0, 0, 32;
    %jmp T_0.15;
T_0.1 ;
    %load/vec4 v0x55eb8f25f7b0_0;
    %load/vec4 v0x55eb8f25f8b0_0;
    %sub;
    %store/vec4 v0x55eb8f25f990_0, 0, 32;
    %jmp T_0.15;
T_0.2 ;
    %load/vec4 v0x55eb8f25f7b0_0;
    %load/vec4 v0x55eb8f25f8b0_0;
    %xor;
    %store/vec4 v0x55eb8f25f990_0, 0, 32;
    %jmp T_0.15;
T_0.3 ;
    %load/vec4 v0x55eb8f25f7b0_0;
    %load/vec4 v0x55eb8f25f8b0_0;
    %or;
    %store/vec4 v0x55eb8f25f990_0, 0, 32;
    %jmp T_0.15;
T_0.4 ;
    %load/vec4 v0x55eb8f25f7b0_0;
    %load/vec4 v0x55eb8f25f8b0_0;
    %and;
    %store/vec4 v0x55eb8f25f990_0, 0, 32;
    %jmp T_0.15;
T_0.5 ;
    %load/vec4 v0x55eb8f25f7b0_0;
    %load/vec4 v0x55eb8f25f8b0_0;
    %parti/s 5, 0, 2;
    %ix/vec4 4;
    %shiftl 4;
    %store/vec4 v0x55eb8f25f990_0, 0, 32;
    %jmp T_0.15;
T_0.6 ;
    %load/vec4 v0x55eb8f25f7b0_0;
    %load/vec4 v0x55eb8f25f8b0_0;
    %parti/s 5, 0, 2;
    %ix/vec4 4;
    %shiftr 4;
    %store/vec4 v0x55eb8f25f990_0, 0, 32;
    %jmp T_0.15;
T_0.7 ;
    %load/vec4 v0x55eb8f25f7b0_0;
    %load/vec4 v0x55eb8f25f8b0_0;
    %parti/s 5, 0, 2;
    %ix/vec4 4;
    %shiftr/s 4;
    %store/vec4 v0x55eb8f25f990_0, 0, 32;
    %jmp T_0.15;
T_0.8 ;
    %load/vec4 v0x55eb8f25f7b0_0;
    %load/vec4 v0x55eb8f25f8b0_0;
    %cmp/s;
    %flag_mov 8, 5;
    %jmp/0 T_0.16, 8;
    %pushi/vec4 1, 0, 32;
    %jmp/1 T_0.17, 8;
T_0.16 ; End of true expr.
    %pushi/vec4 0, 0, 32;
    %jmp/0 T_0.17, 8;
 ; End of false expr.
    %blend;
T_0.17;
    %store/vec4 v0x55eb8f25f990_0, 0, 32;
    %jmp T_0.15;
T_0.9 ;
    %load/vec4 v0x55eb8f25f7b0_0;
    %load/vec4 v0x55eb8f25f8b0_0;
    %cmp/u;
    %flag_mov 8, 5;
    %jmp/0 T_0.18, 8;
    %pushi/vec4 1, 0, 32;
    %jmp/1 T_0.19, 8;
T_0.18 ; End of true expr.
    %pushi/vec4 0, 0, 32;
    %jmp/0 T_0.19, 8;
 ; End of false expr.
    %blend;
T_0.19;
    %store/vec4 v0x55eb8f25f990_0, 0, 32;
    %jmp T_0.15;
T_0.10 ;
    %load/vec4 v0x55eb8f25f7b0_0;
    %load/vec4 v0x55eb8f25f8b0_0;
    %cmp/e;
    %flag_mov 8, 4;
    %jmp/0 T_0.20, 8;
    %pushi/vec4 1, 0, 32;
    %jmp/1 T_0.21, 8;
T_0.20 ; End of true expr.
    %pushi/vec4 0, 0, 32;
    %jmp/0 T_0.21, 8;
 ; End of false expr.
    %blend;
T_0.21;
    %store/vec4 v0x55eb8f25f990_0, 0, 32;
    %jmp T_0.15;
T_0.11 ;
    %load/vec4 v0x55eb8f25f7b0_0;
    %load/vec4 v0x55eb8f25f8b0_0;
    %cmp/ne;
    %flag_mov 8, 4;
    %jmp/0 T_0.22, 8;
    %pushi/vec4 1, 0, 32;
    %jmp/1 T_0.23, 8;
T_0.22 ; End of true expr.
    %pushi/vec4 0, 0, 32;
    %jmp/0 T_0.23, 8;
 ; End of false expr.
    %blend;
T_0.23;
    %store/vec4 v0x55eb8f25f990_0, 0, 32;
    %jmp T_0.15;
T_0.12 ;
    %load/vec4 v0x55eb8f25f8b0_0;
    %load/vec4 v0x55eb8f25f7b0_0;
    %cmp/s;
    %flag_or 5, 4;
    %flag_mov 8, 5;
    %jmp/0 T_0.24, 8;
    %pushi/vec4 1, 0, 32;
    %jmp/1 T_0.25, 8;
T_0.24 ; End of true expr.
    %pushi/vec4 0, 0, 32;
    %jmp/0 T_0.25, 8;
 ; End of false expr.
    %blend;
T_0.25;
    %store/vec4 v0x55eb8f25f990_0, 0, 32;
    %jmp T_0.15;
T_0.13 ;
    %load/vec4 v0x55eb8f25f8b0_0;
    %load/vec4 v0x55eb8f25f7b0_0;
    %cmp/u;
    %flag_or 5, 4;
    %flag_mov 8, 5;
    %jmp/0 T_0.26, 8;
    %pushi/vec4 1, 0, 32;
    %jmp/1 T_0.27, 8;
T_0.26 ; End of true expr.
    %pushi/vec4 0, 0, 32;
    %jmp/0 T_0.27, 8;
 ; End of false expr.
    %blend;
T_0.27;
    %store/vec4 v0x55eb8f25f990_0, 0, 32;
    %jmp T_0.15;
T_0.15 ;
    %pop/vec4 1;
    %jmp T_0;
    .thread T_0, $push;
    .scope S_0x55eb8f2639e0;
T_1 ;
    %wait E_0x55eb8f1d3eb0;
    %fork t_1, S_0x55eb8f264480;
    %jmp t_0;
    .scope S_0x55eb8f264480;
t_1 ;
    %pushi/vec4 0, 0, 32;
    %store/vec4 v0x55eb8f264630_0, 0, 32;
T_1.0 ;
    %load/vec4 v0x55eb8f264630_0;
    %cmpi/s 4, 0, 32;
    %jmp/0xz T_1.1, 5;
    %load/vec4 v0x55eb8f264630_0;
    %load/vec4 v0x55eb8f267470_0;
    %pad/u 32;
    %addi 1, 0, 32;
    %cmp/u;
    %jmp/0xz  T_1.2, 5;
    %load/vec4 v0x55eb8f264a10_0;
    %parti/s 8, 0, 2;
    %pad/u 32;
    %load/vec4 v0x55eb8f264630_0;
    %add;
    %ix/vec4 4;
    %load/vec4a v0x55eb8f264b90, 4;
    %load/vec4 v0x55eb8f264630_0;
    %muli 8, 0, 32;
    %ix/vec4/s 4;
    %store/vec4 v0x55eb8f267560_0, 4, 8;
    %jmp T_1.3;
T_1.2 ;
    %load/vec4 v0x55eb8f267670_0;
    %flag_set/vec4 8;
    %jmp/0xz  T_1.4, 8;
    %load/vec4 v0x55eb8f264a10_0;
    %parti/s 8, 0, 2;
    %load/vec4 v0x55eb8f267470_0;
    %pad/u 8;
    %add;
    %pad/u 10;
    %ix/vec4 4;
    %load/vec4a v0x55eb8f264b90, 4;
    %parti/s 1, 7, 4;
    %replicate 8;
    %load/vec4 v0x55eb8f264630_0;
    %muli 8, 0, 32;
    %ix/vec4/s 4;
    %store/vec4 v0x55eb8f267560_0, 4, 8;
    %jmp T_1.5;
T_1.4 ;
    %pushi/vec4 0, 0, 8;
    %load/vec4 v0x55eb8f264630_0;
    %muli 8, 0, 32;
    %ix/vec4/s 4;
    %store/vec4 v0x55eb8f267560_0, 4, 8;
T_1.5 ;
T_1.3 ;
    ; show_stmt_assign_vector: Get l-value for compressed += operand
    %load/vec4 v0x55eb8f264630_0;
    %pushi/vec4 1, 0, 32;
    %add;
    %store/vec4 v0x55eb8f264630_0, 0, 32;
    %jmp T_1.0;
T_1.1 ;
    %end;
    .scope S_0x55eb8f2639e0;
t_0 %join;
    %jmp T_1;
    .thread T_1, $push;
    .scope S_0x55eb8f2639e0;
T_2 ;
    %wait E_0x55eb8f1d35c0;
    %load/vec4 v0x55eb8f2677d0_0;
    %flag_set/vec4 8;
    %jmp/0xz  T_2.0, 8;
    %fork t_3, S_0x55eb8f264730;
    %jmp t_2;
    .scope S_0x55eb8f264730;
t_3 ;
    %pushi/vec4 0, 0, 32;
    %store/vec4 v0x55eb8f264930_0, 0, 32;
T_2.2 ;
    %load/vec4 v0x55eb8f264930_0;
    %load/vec4 v0x55eb8f267470_0;
    %pad/u 32;
    %cmp/u;
    %jmp/0xz T_2.3, 5;
    %load/vec4 v0x55eb8f267710_0;
    %load/vec4 v0x55eb8f264930_0;
    %muli 8, 0, 32;
    %part/s 8;
    %load/vec4 v0x55eb8f264a10_0;
    %parti/s 8, 0, 2;
    %pad/u 32;
    %load/vec4 v0x55eb8f264930_0;
    %add;
    %ix/vec4 4;
    %store/vec4a v0x55eb8f264b90, 4, 0;
    ; show_stmt_assign_vector: Get l-value for compressed += operand
    %load/vec4 v0x55eb8f264930_0;
    %pushi/vec4 1, 0, 32;
    %add;
    %store/vec4 v0x55eb8f264930_0, 0, 32;
    %jmp T_2.2;
T_2.3 ;
    %end;
    .scope S_0x55eb8f2639e0;
t_2 %join;
T_2.0 ;
    %jmp T_2;
    .thread T_2;
    .scope S_0x55eb8f26b320;
T_3 ;
    %wait E_0x55eb8f1d35c0;
    %load/vec4 v0x55eb8f26c830_0;
    %flag_set/vec4 9;
    %flag_get/vec4 9;
    %jmp/0 T_3.2, 9;
    %load/vec4 v0x55eb8f26c670_0;
    %pushi/vec4 0, 0, 5;
    %cmp/ne;
    %flag_get/vec4 4;
    %and;
T_3.2;
    %flag_set/vec4 8;
    %jmp/0xz  T_3.0, 8;
    %load/vec4 v0x55eb8f26c750_0;
    %load/vec4 v0x55eb8f26c670_0;
    %pad/u 7;
    %ix/vec4 3;
    %ix/load 4, 0, 0; Constant delay
    %assign/vec4/a/d v0x55eb8f26c5d0, 0, 4;
T_3.0 ;
    %jmp T_3;
    .thread T_3;
    .scope S_0x55eb8f267dd0;
T_4 ;
    %vpi_call 8 10 "$readmemh", "prog/instr_mem_test.hex", v0x55eb8f2694c0, 8'b00000000 {0 0 0};
    %end;
    .thread T_4;
    .scope S_0x55eb8f26ad20;
T_5 ;
    %wait E_0x55eb8f1d35c0;
    %load/vec4 v0x55eb8f26b1d0_0;
    %assign/vec4 v0x55eb8f26b040_0, 0;
    %jmp T_5;
    .thread T_5;
    .scope S_0x55eb8f267960;
T_6 ;
    %wait E_0x55eb8f1d31b0;
    %pushi/vec4 0, 0, 32;
    %store/vec4 v0x55eb8f267cb0_0, 0, 32;
    %load/vec4 v0x55eb8f267ba0_0;
    %parti/s 7, 0, 2;
    %dup/vec4;
    %pushi/vec4 19, 0, 7;
    %cmp/u;
    %jmp/1 T_6.0, 6;
    %dup/vec4;
    %pushi/vec4 3, 0, 7;
    %cmp/u;
    %jmp/1 T_6.1, 6;
    %dup/vec4;
    %pushi/vec4 103, 0, 7;
    %cmp/u;
    %jmp/1 T_6.2, 6;
    %dup/vec4;
    %pushi/vec4 35, 0, 7;
    %cmp/u;
    %jmp/1 T_6.3, 6;
    %dup/vec4;
    %pushi/vec4 99, 0, 7;
    %cmp/u;
    %jmp/1 T_6.4, 6;
    %dup/vec4;
    %pushi/vec4 55, 0, 7;
    %cmp/u;
    %jmp/1 T_6.5, 6;
    %dup/vec4;
    %pushi/vec4 23, 0, 7;
    %cmp/u;
    %jmp/1 T_6.6, 6;
    %dup/vec4;
    %pushi/vec4 111, 0, 7;
    %cmp/u;
    %jmp/1 T_6.7, 6;
    %pushi/vec4 0, 0, 32;
    %store/vec4 v0x55eb8f267cb0_0, 0, 32;
    %jmp T_6.9;
T_6.0 ;
    %load/vec4 v0x55eb8f267ba0_0;
    %parti/s 1, 31, 6;
    %replicate 21;
    %load/vec4 v0x55eb8f267ba0_0;
    %parti/s 11, 20, 6;
    %concat/vec4; draw_concat_vec4
    %store/vec4 v0x55eb8f267cb0_0, 0, 32;
    %jmp T_6.9;
T_6.1 ;
    %load/vec4 v0x55eb8f267ba0_0;
    %parti/s 1, 31, 6;
    %replicate 21;
    %load/vec4 v0x55eb8f267ba0_0;
    %parti/s 11, 20, 6;
    %concat/vec4; draw_concat_vec4
    %store/vec4 v0x55eb8f267cb0_0, 0, 32;
    %jmp T_6.9;
T_6.2 ;
    %load/vec4 v0x55eb8f267ba0_0;
    %parti/s 1, 31, 6;
    %replicate 21;
    %load/vec4 v0x55eb8f267ba0_0;
    %parti/s 11, 20, 6;
    %concat/vec4; draw_concat_vec4
    %store/vec4 v0x55eb8f267cb0_0, 0, 32;
    %jmp T_6.9;
T_6.3 ;
    %load/vec4 v0x55eb8f267ba0_0;
    %parti/s 1, 31, 6;
    %replicate 21;
    %load/vec4 v0x55eb8f267ba0_0;
    %parti/s 6, 25, 6;
    %concat/vec4; draw_concat_vec4
    %load/vec4 v0x55eb8f267ba0_0;
    %parti/s 5, 7, 4;
    %concat/vec4; draw_concat_vec4
    %store/vec4 v0x55eb8f267cb0_0, 0, 32;
    %jmp T_6.9;
T_6.4 ;
    %load/vec4 v0x55eb8f267ba0_0;
    %parti/s 1, 31, 6;
    %replicate 20;
    %load/vec4 v0x55eb8f267ba0_0;
    %parti/s 1, 7, 4;
    %concat/vec4; draw_concat_vec4
    %load/vec4 v0x55eb8f267ba0_0;
    %parti/s 6, 25, 6;
    %concat/vec4; draw_concat_vec4
    %load/vec4 v0x55eb8f267ba0_0;
    %parti/s 4, 8, 5;
    %concat/vec4; draw_concat_vec4
    %concati/vec4 0, 0, 1;
    %store/vec4 v0x55eb8f267cb0_0, 0, 32;
    %jmp T_6.9;
T_6.5 ;
    %load/vec4 v0x55eb8f267ba0_0;
    %parti/s 20, 12, 5;
    %concati/vec4 0, 0, 12;
    %store/vec4 v0x55eb8f267cb0_0, 0, 32;
    %jmp T_6.9;
T_6.6 ;
    %load/vec4 v0x55eb8f267ba0_0;
    %parti/s 20, 12, 5;
    %concati/vec4 0, 0, 12;
    %store/vec4 v0x55eb8f267cb0_0, 0, 32;
    %jmp T_6.9;
T_6.7 ;
    %load/vec4 v0x55eb8f267ba0_0;
    %parti/s 1, 31, 6;
    %replicate 12;
    %load/vec4 v0x55eb8f267ba0_0;
    %parti/s 8, 12, 5;
    %concat/vec4; draw_concat_vec4
    %load/vec4 v0x55eb8f267ba0_0;
    %parti/s 1, 20, 6;
    %concat/vec4; draw_concat_vec4
    %load/vec4 v0x55eb8f267ba0_0;
    %parti/s 10, 21, 6;
    %concat/vec4; draw_concat_vec4
    %concati/vec4 0, 0, 1;
    %store/vec4 v0x55eb8f267cb0_0, 0, 32;
    %jmp T_6.9;
T_6.9 ;
    %pop/vec4 1;
    %jmp T_6;
    .thread T_6, $push;
    .scope S_0x55eb8f1ec4a0;
T_7 ;
    %wait E_0x55eb8f1ecf50;
    %load/vec4 v0x55eb8f25ee70_0;
    %dup/vec4;
    %pushi/vec4 0, 0, 4;
    %cmp/u;
    %jmp/1 T_7.0, 6;
    %dup/vec4;
    %pushi/vec4 1, 0, 4;
    %cmp/u;
    %jmp/1 T_7.1, 6;
    %dup/vec4;
    %pushi/vec4 2, 0, 4;
    %cmp/u;
    %jmp/1 T_7.2, 6;
    %dup/vec4;
    %pushi/vec4 3, 0, 4;
    %cmp/u;
    %jmp/1 T_7.3, 6;
    %dup/vec4;
    %pushi/vec4 4, 0, 4;
    %cmp/u;
    %jmp/1 T_7.4, 6;
    %dup/vec4;
    %pushi/vec4 5, 0, 4;
    %cmp/u;
    %jmp/1 T_7.5, 6;
    %dup/vec4;
    %pushi/vec4 6, 0, 4;
    %cmp/u;
    %jmp/1 T_7.6, 6;
    %dup/vec4;
    %pushi/vec4 7, 0, 4;
    %cmp/u;
    %jmp/1 T_7.7, 6;
    %dup/vec4;
    %pushi/vec4 8, 0, 4;
    %cmp/u;
    %jmp/1 T_7.8, 6;
    %dup/vec4;
    %pushi/vec4 9, 0, 4;
    %cmp/u;
    %jmp/1 T_7.9, 6;
    %dup/vec4;
    %pushi/vec4 10, 0, 4;
    %cmp/u;
    %jmp/1 T_7.10, 6;
    %dup/vec4;
    %pushi/vec4 11, 0, 4;
    %cmp/u;
    %jmp/1 T_7.11, 6;
    %dup/vec4;
    %pushi/vec4 12, 0, 4;
    %cmp/u;
    %jmp/1 T_7.12, 6;
    %dup/vec4;
    %pushi/vec4 13, 0, 4;
    %cmp/u;
    %jmp/1 T_7.13, 6;
    %pushi/vec4 0, 0, 32;
    %store/vec4 v0x55eb8f25edb0_0, 0, 32;
    %jmp T_7.15;
T_7.0 ;
    %load/vec4 v0x55eb8f2232c0_0;
    %load/vec4 v0x55eb8f25ecd0_0;
    %add;
    %store/vec4 v0x55eb8f25edb0_0, 0, 32;
    %jmp T_7.15;
T_7.1 ;
    %load/vec4 v0x55eb8f2232c0_0;
    %load/vec4 v0x55eb8f25ecd0_0;
    %sub;
    %store/vec4 v0x55eb8f25edb0_0, 0, 32;
    %jmp T_7.15;
T_7.2 ;
    %load/vec4 v0x55eb8f2232c0_0;
    %load/vec4 v0x55eb8f25ecd0_0;
    %xor;
    %store/vec4 v0x55eb8f25edb0_0, 0, 32;
    %jmp T_7.15;
T_7.3 ;
    %load/vec4 v0x55eb8f2232c0_0;
    %load/vec4 v0x55eb8f25ecd0_0;
    %or;
    %store/vec4 v0x55eb8f25edb0_0, 0, 32;
    %jmp T_7.15;
T_7.4 ;
    %load/vec4 v0x55eb8f2232c0_0;
    %load/vec4 v0x55eb8f25ecd0_0;
    %and;
    %store/vec4 v0x55eb8f25edb0_0, 0, 32;
    %jmp T_7.15;
T_7.5 ;
    %load/vec4 v0x55eb8f2232c0_0;
    %load/vec4 v0x55eb8f25ecd0_0;
    %parti/s 5, 0, 2;
    %ix/vec4 4;
    %shiftl 4;
    %store/vec4 v0x55eb8f25edb0_0, 0, 32;
    %jmp T_7.15;
T_7.6 ;
    %load/vec4 v0x55eb8f2232c0_0;
    %load/vec4 v0x55eb8f25ecd0_0;
    %parti/s 5, 0, 2;
    %ix/vec4 4;
    %shiftr 4;
    %store/vec4 v0x55eb8f25edb0_0, 0, 32;
    %jmp T_7.15;
T_7.7 ;
    %load/vec4 v0x55eb8f2232c0_0;
    %load/vec4 v0x55eb8f25ecd0_0;
    %parti/s 5, 0, 2;
    %ix/vec4 4;
    %shiftr/s 4;
    %store/vec4 v0x55eb8f25edb0_0, 0, 32;
    %jmp T_7.15;
T_7.8 ;
    %load/vec4 v0x55eb8f2232c0_0;
    %load/vec4 v0x55eb8f25ecd0_0;
    %cmp/s;
    %flag_mov 8, 5;
    %jmp/0 T_7.16, 8;
    %pushi/vec4 1, 0, 32;
    %jmp/1 T_7.17, 8;
T_7.16 ; End of true expr.
    %pushi/vec4 0, 0, 32;
    %jmp/0 T_7.17, 8;
 ; End of false expr.
    %blend;
T_7.17;
    %store/vec4 v0x55eb8f25edb0_0, 0, 32;
    %jmp T_7.15;
T_7.9 ;
    %load/vec4 v0x55eb8f2232c0_0;
    %load/vec4 v0x55eb8f25ecd0_0;
    %cmp/u;
    %flag_mov 8, 5;
    %jmp/0 T_7.18, 8;
    %pushi/vec4 1, 0, 32;
    %jmp/1 T_7.19, 8;
T_7.18 ; End of true expr.
    %pushi/vec4 0, 0, 32;
    %jmp/0 T_7.19, 8;
 ; End of false expr.
    %blend;
T_7.19;
    %store/vec4 v0x55eb8f25edb0_0, 0, 32;
    %jmp T_7.15;
T_7.10 ;
    %load/vec4 v0x55eb8f2232c0_0;
    %load/vec4 v0x55eb8f25ecd0_0;
    %cmp/e;
    %flag_mov 8, 4;
    %jmp/0 T_7.20, 8;
    %pushi/vec4 1, 0, 32;
    %jmp/1 T_7.21, 8;
T_7.20 ; End of true expr.
    %pushi/vec4 0, 0, 32;
    %jmp/0 T_7.21, 8;
 ; End of false expr.
    %blend;
T_7.21;
    %store/vec4 v0x55eb8f25edb0_0, 0, 32;
    %jmp T_7.15;
T_7.11 ;
    %load/vec4 v0x55eb8f2232c0_0;
    %load/vec4 v0x55eb8f25ecd0_0;
    %cmp/ne;
    %flag_mov 8, 4;
    %jmp/0 T_7.22, 8;
    %pushi/vec4 1, 0, 32;
    %jmp/1 T_7.23, 8;
T_7.22 ; End of true expr.
    %pushi/vec4 0, 0, 32;
    %jmp/0 T_7.23, 8;
 ; End of false expr.
    %blend;
T_7.23;
    %store/vec4 v0x55eb8f25edb0_0, 0, 32;
    %jmp T_7.15;
T_7.12 ;
    %load/vec4 v0x55eb8f25ecd0_0;
    %load/vec4 v0x55eb8f2232c0_0;
    %cmp/s;
    %flag_or 5, 4;
    %flag_mov 8, 5;
    %jmp/0 T_7.24, 8;
    %pushi/vec4 1, 0, 32;
    %jmp/1 T_7.25, 8;
T_7.24 ; End of true expr.
    %pushi/vec4 0, 0, 32;
    %jmp/0 T_7.25, 8;
 ; End of false expr.
    %blend;
T_7.25;
    %store/vec4 v0x55eb8f25edb0_0, 0, 32;
    %jmp T_7.15;
T_7.13 ;
    %load/vec4 v0x55eb8f25ecd0_0;
    %load/vec4 v0x55eb8f2232c0_0;
    %cmp/u;
    %flag_or 5, 4;
    %flag_mov 8, 5;
    %jmp/0 T_7.26, 8;
    %pushi/vec4 1, 0, 32;
    %jmp/1 T_7.27, 8;
T_7.26 ; End of true expr.
    %pushi/vec4 0, 0, 32;
    %jmp/0 T_7.27, 8;
 ; End of false expr.
    %blend;
T_7.27;
    %store/vec4 v0x55eb8f25edb0_0, 0, 32;
    %jmp T_7.15;
T_7.15 ;
    %pop/vec4 1;
    %jmp T_7;
    .thread T_7, $push;
    .scope S_0x55eb8f25efd0;
T_8 ;
    %wait E_0x55eb8f1ed360;
    %load/vec4 v0x55eb8f25f450_0;
    %dup/vec4;
    %pushi/vec4 0, 0, 4;
    %cmp/u;
    %jmp/1 T_8.0, 6;
    %dup/vec4;
    %pushi/vec4 1, 0, 4;
    %cmp/u;
    %jmp/1 T_8.1, 6;
    %dup/vec4;
    %pushi/vec4 2, 0, 4;
    %cmp/u;
    %jmp/1 T_8.2, 6;
    %dup/vec4;
    %pushi/vec4 3, 0, 4;
    %cmp/u;
    %jmp/1 T_8.3, 6;
    %dup/vec4;
    %pushi/vec4 4, 0, 4;
    %cmp/u;
    %jmp/1 T_8.4, 6;
    %dup/vec4;
    %pushi/vec4 5, 0, 4;
    %cmp/u;
    %jmp/1 T_8.5, 6;
    %dup/vec4;
    %pushi/vec4 6, 0, 4;
    %cmp/u;
    %jmp/1 T_8.6, 6;
    %dup/vec4;
    %pushi/vec4 7, 0, 4;
    %cmp/u;
    %jmp/1 T_8.7, 6;
    %dup/vec4;
    %pushi/vec4 8, 0, 4;
    %cmp/u;
    %jmp/1 T_8.8, 6;
    %dup/vec4;
    %pushi/vec4 9, 0, 4;
    %cmp/u;
    %jmp/1 T_8.9, 6;
    %dup/vec4;
    %pushi/vec4 10, 0, 4;
    %cmp/u;
    %jmp/1 T_8.10, 6;
    %dup/vec4;
    %pushi/vec4 11, 0, 4;
    %cmp/u;
    %jmp/1 T_8.11, 6;
    %dup/vec4;
    %pushi/vec4 12, 0, 4;
    %cmp/u;
    %jmp/1 T_8.12, 6;
    %dup/vec4;
    %pushi/vec4 13, 0, 4;
    %cmp/u;
    %jmp/1 T_8.13, 6;
    %pushi/vec4 0, 0, 32;
    %store/vec4 v0x55eb8f25f390_0, 0, 32;
    %jmp T_8.15;
T_8.0 ;
    %load/vec4 v0x55eb8f25f1f0_0;
    %load/vec4 v0x55eb8f25f2d0_0;
    %add;
    %store/vec4 v0x55eb8f25f390_0, 0, 32;
    %jmp T_8.15;
T_8.1 ;
    %load/vec4 v0x55eb8f25f1f0_0;
    %load/vec4 v0x55eb8f25f2d0_0;
    %sub;
    %store/vec4 v0x55eb8f25f390_0, 0, 32;
    %jmp T_8.15;
T_8.2 ;
    %load/vec4 v0x55eb8f25f1f0_0;
    %load/vec4 v0x55eb8f25f2d0_0;
    %xor;
    %store/vec4 v0x55eb8f25f390_0, 0, 32;
    %jmp T_8.15;
T_8.3 ;
    %load/vec4 v0x55eb8f25f1f0_0;
    %load/vec4 v0x55eb8f25f2d0_0;
    %or;
    %store/vec4 v0x55eb8f25f390_0, 0, 32;
    %jmp T_8.15;
T_8.4 ;
    %load/vec4 v0x55eb8f25f1f0_0;
    %load/vec4 v0x55eb8f25f2d0_0;
    %and;
    %store/vec4 v0x55eb8f25f390_0, 0, 32;
    %jmp T_8.15;
T_8.5 ;
    %load/vec4 v0x55eb8f25f1f0_0;
    %load/vec4 v0x55eb8f25f2d0_0;
    %parti/s 5, 0, 2;
    %ix/vec4 4;
    %shiftl 4;
    %store/vec4 v0x55eb8f25f390_0, 0, 32;
    %jmp T_8.15;
T_8.6 ;
    %load/vec4 v0x55eb8f25f1f0_0;
    %load/vec4 v0x55eb8f25f2d0_0;
    %parti/s 5, 0, 2;
    %ix/vec4 4;
    %shiftr 4;
    %store/vec4 v0x55eb8f25f390_0, 0, 32;
    %jmp T_8.15;
T_8.7 ;
    %load/vec4 v0x55eb8f25f1f0_0;
    %load/vec4 v0x55eb8f25f2d0_0;
    %parti/s 5, 0, 2;
    %ix/vec4 4;
    %shiftr/s 4;
    %store/vec4 v0x55eb8f25f390_0, 0, 32;
    %jmp T_8.15;
T_8.8 ;
    %load/vec4 v0x55eb8f25f1f0_0;
    %load/vec4 v0x55eb8f25f2d0_0;
    %cmp/s;
    %flag_mov 8, 5;
    %jmp/0 T_8.16, 8;
    %pushi/vec4 1, 0, 32;
    %jmp/1 T_8.17, 8;
T_8.16 ; End of true expr.
    %pushi/vec4 0, 0, 32;
    %jmp/0 T_8.17, 8;
 ; End of false expr.
    %blend;
T_8.17;
    %store/vec4 v0x55eb8f25f390_0, 0, 32;
    %jmp T_8.15;
T_8.9 ;
    %load/vec4 v0x55eb8f25f1f0_0;
    %load/vec4 v0x55eb8f25f2d0_0;
    %cmp/u;
    %flag_mov 8, 5;
    %jmp/0 T_8.18, 8;
    %pushi/vec4 1, 0, 32;
    %jmp/1 T_8.19, 8;
T_8.18 ; End of true expr.
    %pushi/vec4 0, 0, 32;
    %jmp/0 T_8.19, 8;
 ; End of false expr.
    %blend;
T_8.19;
    %store/vec4 v0x55eb8f25f390_0, 0, 32;
    %jmp T_8.15;
T_8.10 ;
    %load/vec4 v0x55eb8f25f1f0_0;
    %load/vec4 v0x55eb8f25f2d0_0;
    %cmp/e;
    %flag_mov 8, 4;
    %jmp/0 T_8.20, 8;
    %pushi/vec4 1, 0, 32;
    %jmp/1 T_8.21, 8;
T_8.20 ; End of true expr.
    %pushi/vec4 0, 0, 32;
    %jmp/0 T_8.21, 8;
 ; End of false expr.
    %blend;
T_8.21;
    %store/vec4 v0x55eb8f25f390_0, 0, 32;
    %jmp T_8.15;
T_8.11 ;
    %load/vec4 v0x55eb8f25f1f0_0;
    %load/vec4 v0x55eb8f25f2d0_0;
    %cmp/ne;
    %flag_mov 8, 4;
    %jmp/0 T_8.22, 8;
    %pushi/vec4 1, 0, 32;
    %jmp/1 T_8.23, 8;
T_8.22 ; End of true expr.
    %pushi/vec4 0, 0, 32;
    %jmp/0 T_8.23, 8;
 ; End of false expr.
    %blend;
T_8.23;
    %store/vec4 v0x55eb8f25f390_0, 0, 32;
    %jmp T_8.15;
T_8.12 ;
    %load/vec4 v0x55eb8f25f2d0_0;
    %load/vec4 v0x55eb8f25f1f0_0;
    %cmp/s;
    %flag_or 5, 4;
    %flag_mov 8, 5;
    %jmp/0 T_8.24, 8;
    %pushi/vec4 1, 0, 32;
    %jmp/1 T_8.25, 8;
T_8.24 ; End of true expr.
    %pushi/vec4 0, 0, 32;
    %jmp/0 T_8.25, 8;
 ; End of false expr.
    %blend;
T_8.25;
    %store/vec4 v0x55eb8f25f390_0, 0, 32;
    %jmp T_8.15;
T_8.13 ;
    %load/vec4 v0x55eb8f25f2d0_0;
    %load/vec4 v0x55eb8f25f1f0_0;
    %cmp/u;
    %flag_or 5, 4;
    %flag_mov 8, 5;
    %jmp/0 T_8.26, 8;
    %pushi/vec4 1, 0, 32;
    %jmp/1 T_8.27, 8;
T_8.26 ; End of true expr.
    %pushi/vec4 0, 0, 32;
    %jmp/0 T_8.27, 8;
 ; End of false expr.
    %blend;
T_8.27;
    %store/vec4 v0x55eb8f25f390_0, 0, 32;
    %jmp T_8.15;
T_8.15 ;
    %pop/vec4 1;
    %jmp T_8;
    .thread T_8, $push;
    .scope S_0x55eb8f262860;
T_9 ;
    %wait E_0x55eb8f1ee970;
    %load/vec4 v0x55eb8f2633f0_0;
    %dup/vec4;
    %pushi/vec4 51, 0, 7;
    %cmp/u;
    %jmp/1 T_9.0, 6;
    %dup/vec4;
    %pushi/vec4 19, 0, 7;
    %cmp/u;
    %jmp/1 T_9.1, 6;
    %dup/vec4;
    %pushi/vec4 3, 0, 7;
    %cmp/u;
    %jmp/1 T_9.2, 6;
    %dup/vec4;
    %pushi/vec4 35, 0, 7;
    %cmp/u;
    %jmp/1 T_9.3, 6;
    %dup/vec4;
    %pushi/vec4 99, 0, 7;
    %cmp/u;
    %jmp/1 T_9.4, 6;
    %dup/vec4;
    %pushi/vec4 111, 0, 7;
    %cmp/u;
    %jmp/1 T_9.5, 6;
    %dup/vec4;
    %pushi/vec4 103, 0, 7;
    %cmp/u;
    %jmp/1 T_9.6, 6;
    %dup/vec4;
    %pushi/vec4 55, 0, 7;
    %cmp/u;
    %jmp/1 T_9.7, 6;
    %dup/vec4;
    %pushi/vec4 23, 0, 7;
    %cmp/u;
    %jmp/1 T_9.8, 6;
    %pushi/vec4 0, 0, 1;
    %store/vec4 v0x55eb8f2634d0_0, 0, 1;
    %pushi/vec4 0, 0, 2;
    %store/vec4 v0x55eb8f263590_0, 0, 2;
    %pushi/vec4 0, 0, 1;
    %store/vec4 v0x55eb8f262ca0_0, 0, 1;
    %pushi/vec4 0, 0, 1;
    %store/vec4 v0x55eb8f262d70_0, 0, 1;
    %pushi/vec4 0, 0, 4;
    %store/vec4 v0x55eb8f262b90_0, 0, 4;
    %pushi/vec4 0, 0, 1;
    %store/vec4 v0x55eb8f263250_0, 0, 1;
    %pushi/vec4 0, 0, 1;
    %store/vec4 v0x55eb8f262e70_0, 0, 1;
    %pushi/vec4 0, 0, 1;
    %store/vec4 v0x55eb8f263190_0, 0, 1;
    %pushi/vec4 0, 0, 1;
    %store/vec4 v0x55eb8f263730_0, 0, 1;
    %pushi/vec4 0, 0, 1;
    %store/vec4 v0x55eb8f263670_0, 0, 1;
    %pushi/vec4 0, 0, 2;
    %store/vec4 v0x55eb8f263310_0, 0, 2;
    %jmp T_9.10;
T_9.0 ;
    %pushi/vec4 1, 0, 1;
    %store/vec4 v0x55eb8f2634d0_0, 0, 1;
    %pushi/vec4 1, 0, 2;
    %store/vec4 v0x55eb8f263590_0, 0, 2;
    %pushi/vec4 1, 0, 1;
    %store/vec4 v0x55eb8f262ca0_0, 0, 1;
    %pushi/vec4 0, 0, 1;
    %store/vec4 v0x55eb8f262d70_0, 0, 1;
    %pushi/vec4 0, 0, 1;
    %store/vec4 v0x55eb8f263250_0, 0, 1;
    %pushi/vec4 0, 0, 1;
    %store/vec4 v0x55eb8f262e70_0, 0, 1;
    %pushi/vec4 0, 0, 1;
    %store/vec4 v0x55eb8f263190_0, 0, 1;
    %pushi/vec4 0, 0, 1;
    %store/vec4 v0x55eb8f263730_0, 0, 1;
    %pushi/vec4 0, 0, 1;
    %store/vec4 v0x55eb8f263670_0, 0, 1;
    %pushi/vec4 0, 0, 2;
    %store/vec4 v0x55eb8f263310_0, 0, 2;
    %load/vec4 v0x55eb8f262f40_0;
    %dup/vec4;
    %pushi/vec4 0, 0, 3;
    %cmp/u;
    %jmp/1 T_9.11, 6;
    %dup/vec4;
    %pushi/vec4 4, 0, 3;
    %cmp/u;
    %jmp/1 T_9.12, 6;
    %dup/vec4;
    %pushi/vec4 6, 0, 3;
    %cmp/u;
    %jmp/1 T_9.13, 6;
    %dup/vec4;
    %pushi/vec4 7, 0, 3;
    %cmp/u;
    %jmp/1 T_9.14, 6;
    %dup/vec4;
    %pushi/vec4 1, 0, 3;
    %cmp/u;
    %jmp/1 T_9.15, 6;
    %dup/vec4;
    %pushi/vec4 5, 0, 3;
    %cmp/u;
    %jmp/1 T_9.16, 6;
    %dup/vec4;
    %pushi/vec4 2, 0, 3;
    %cmp/u;
    %jmp/1 T_9.17, 6;
    %dup/vec4;
    %pushi/vec4 3, 0, 3;
    %cmp/u;
    %jmp/1 T_9.18, 6;
    %pushi/vec4 0, 0, 4;
    %store/vec4 v0x55eb8f262b90_0, 0, 4;
    %jmp T_9.20;
T_9.11 ;
    %load/vec4 v0x55eb8f263030_0;
    %dup/vec4;
    %pushi/vec4 0, 0, 7;
    %cmp/u;
    %jmp/1 T_9.21, 6;
    %dup/vec4;
    %pushi/vec4 32, 0, 7;
    %cmp/u;
    %jmp/1 T_9.22, 6;
    %pushi/vec4 0, 0, 4;
    %store/vec4 v0x55eb8f262b90_0, 0, 4;
    %jmp T_9.24;
T_9.21 ;
    %pushi/vec4 0, 0, 4;
    %store/vec4 v0x55eb8f262b90_0, 0, 4;
    %jmp T_9.24;
T_9.22 ;
    %pushi/vec4 1, 0, 4;
    %store/vec4 v0x55eb8f262b90_0, 0, 4;
    %jmp T_9.24;
T_9.24 ;
    %pop/vec4 1;
    %jmp T_9.20;
T_9.12 ;
    %pushi/vec4 2, 0, 4;
    %store/vec4 v0x55eb8f262b90_0, 0, 4;
    %jmp T_9.20;
T_9.13 ;
    %pushi/vec4 3, 0, 4;
    %store/vec4 v0x55eb8f262b90_0, 0, 4;
    %jmp T_9.20;
T_9.14 ;
    %pushi/vec4 4, 0, 4;
    %store/vec4 v0x55eb8f262b90_0, 0, 4;
    %jmp T_9.20;
T_9.15 ;
    %pushi/vec4 5, 0, 4;
    %store/vec4 v0x55eb8f262b90_0, 0, 4;
    %jmp T_9.20;
T_9.16 ;
    %load/vec4 v0x55eb8f263030_0;
    %dup/vec4;
    %pushi/vec4 0, 0, 7;
    %cmp/u;
    %jmp/1 T_9.25, 6;
    %dup/vec4;
    %pushi/vec4 32, 0, 7;
    %cmp/u;
    %jmp/1 T_9.26, 6;
    %pushi/vec4 0, 0, 4;
    %store/vec4 v0x55eb8f262b90_0, 0, 4;
    %jmp T_9.28;
T_9.25 ;
    %pushi/vec4 6, 0, 4;
    %store/vec4 v0x55eb8f262b90_0, 0, 4;
    %jmp T_9.28;
T_9.26 ;
    %pushi/vec4 7, 0, 4;
    %store/vec4 v0x55eb8f262b90_0, 0, 4;
    %jmp T_9.28;
T_9.28 ;
    %pop/vec4 1;
    %jmp T_9.20;
T_9.17 ;
    %pushi/vec4 8, 0, 4;
    %store/vec4 v0x55eb8f262b90_0, 0, 4;
    %jmp T_9.20;
T_9.18 ;
    %pushi/vec4 9, 0, 4;
    %store/vec4 v0x55eb8f262b90_0, 0, 4;
    %jmp T_9.20;
T_9.20 ;
    %pop/vec4 1;
    %jmp T_9.10;
T_9.1 ;
    %pushi/vec4 1, 0, 1;
    %store/vec4 v0x55eb8f2634d0_0, 0, 1;
    %pushi/vec4 1, 0, 2;
    %store/vec4 v0x55eb8f263590_0, 0, 2;
    %pushi/vec4 1, 0, 1;
    %store/vec4 v0x55eb8f262ca0_0, 0, 1;
    %pushi/vec4 1, 0, 1;
    %store/vec4 v0x55eb8f262d70_0, 0, 1;
    %pushi/vec4 0, 0, 1;
    %store/vec4 v0x55eb8f263250_0, 0, 1;
    %pushi/vec4 0, 0, 1;
    %store/vec4 v0x55eb8f262e70_0, 0, 1;
    %pushi/vec4 0, 0, 1;
    %store/vec4 v0x55eb8f263190_0, 0, 1;
    %pushi/vec4 0, 0, 1;
    %store/vec4 v0x55eb8f263730_0, 0, 1;
    %pushi/vec4 0, 0, 1;
    %store/vec4 v0x55eb8f263670_0, 0, 1;
    %pushi/vec4 0, 0, 2;
    %store/vec4 v0x55eb8f263310_0, 0, 2;
    %load/vec4 v0x55eb8f262f40_0;
    %dup/vec4;
    %pushi/vec4 0, 0, 3;
    %cmp/u;
    %jmp/1 T_9.29, 6;
    %dup/vec4;
    %pushi/vec4 4, 0, 3;
    %cmp/u;
    %jmp/1 T_9.30, 6;
    %dup/vec4;
    %pushi/vec4 6, 0, 3;
    %cmp/u;
    %jmp/1 T_9.31, 6;
    %dup/vec4;
    %pushi/vec4 7, 0, 3;
    %cmp/u;
    %jmp/1 T_9.32, 6;
    %dup/vec4;
    %pushi/vec4 1, 0, 3;
    %cmp/u;
    %jmp/1 T_9.33, 6;
    %dup/vec4;
    %pushi/vec4 5, 0, 3;
    %cmp/u;
    %jmp/1 T_9.34, 6;
    %dup/vec4;
    %pushi/vec4 2, 0, 3;
    %cmp/u;
    %jmp/1 T_9.35, 6;
    %dup/vec4;
    %pushi/vec4 3, 0, 3;
    %cmp/u;
    %jmp/1 T_9.36, 6;
    %pushi/vec4 0, 0, 4;
    %store/vec4 v0x55eb8f262b90_0, 0, 4;
    %jmp T_9.38;
T_9.29 ;
    %pushi/vec4 0, 0, 4;
    %store/vec4 v0x55eb8f262b90_0, 0, 4;
    %jmp T_9.38;
T_9.30 ;
    %pushi/vec4 2, 0, 4;
    %store/vec4 v0x55eb8f262b90_0, 0, 4;
    %jmp T_9.38;
T_9.31 ;
    %pushi/vec4 3, 0, 4;
    %store/vec4 v0x55eb8f262b90_0, 0, 4;
    %jmp T_9.38;
T_9.32 ;
    %pushi/vec4 4, 0, 4;
    %store/vec4 v0x55eb8f262b90_0, 0, 4;
    %jmp T_9.38;
T_9.33 ;
    %pushi/vec4 5, 0, 4;
    %store/vec4 v0x55eb8f262b90_0, 0, 4;
    %jmp T_9.38;
T_9.34 ;
    %load/vec4 v0x55eb8f263030_0;
    %dup/vec4;
    %pushi/vec4 0, 0, 7;
    %cmp/u;
    %jmp/1 T_9.39, 6;
    %dup/vec4;
    %pushi/vec4 32, 0, 7;
    %cmp/u;
    %jmp/1 T_9.40, 6;
    %pushi/vec4 0, 0, 4;
    %store/vec4 v0x55eb8f262b90_0, 0, 4;
    %jmp T_9.42;
T_9.39 ;
    %pushi/vec4 6, 0, 4;
    %store/vec4 v0x55eb8f262b90_0, 0, 4;
    %jmp T_9.42;
T_9.40 ;
    %pushi/vec4 7, 0, 4;
    %store/vec4 v0x55eb8f262b90_0, 0, 4;
    %jmp T_9.42;
T_9.42 ;
    %pop/vec4 1;
    %jmp T_9.38;
T_9.35 ;
    %pushi/vec4 8, 0, 4;
    %store/vec4 v0x55eb8f262b90_0, 0, 4;
    %jmp T_9.38;
T_9.36 ;
    %pushi/vec4 9, 0, 4;
    %store/vec4 v0x55eb8f262b90_0, 0, 4;
    %jmp T_9.38;
T_9.38 ;
    %pop/vec4 1;
    %jmp T_9.10;
T_9.2 ;
    %pushi/vec4 1, 0, 1;
    %store/vec4 v0x55eb8f2634d0_0, 0, 1;
    %pushi/vec4 2, 0, 2;
    %store/vec4 v0x55eb8f263590_0, 0, 2;
    %pushi/vec4 1, 0, 1;
    %store/vec4 v0x55eb8f262ca0_0, 0, 1;
    %pushi/vec4 1, 0, 1;
    %store/vec4 v0x55eb8f262d70_0, 0, 1;
    %pushi/vec4 0, 0, 4;
    %store/vec4 v0x55eb8f262b90_0, 0, 4;
    %pushi/vec4 0, 0, 1;
    %store/vec4 v0x55eb8f263250_0, 0, 1;
    %pushi/vec4 0, 0, 1;
    %store/vec4 v0x55eb8f262e70_0, 0, 1;
    %pushi/vec4 0, 0, 1;
    %store/vec4 v0x55eb8f263190_0, 0, 1;
    %pushi/vec4 0, 0, 1;
    %store/vec4 v0x55eb8f263730_0, 0, 1;
    %load/vec4 v0x55eb8f262f40_0;
    %dup/vec4;
    %pushi/vec4 0, 0, 3;
    %cmp/u;
    %jmp/1 T_9.43, 6;
    %dup/vec4;
    %pushi/vec4 1, 0, 3;
    %cmp/u;
    %jmp/1 T_9.44, 6;
    %dup/vec4;
    %pushi/vec4 2, 0, 3;
    %cmp/u;
    %jmp/1 T_9.45, 6;
    %dup/vec4;
    %pushi/vec4 4, 0, 3;
    %cmp/u;
    %jmp/1 T_9.46, 6;
    %dup/vec4;
    %pushi/vec4 5, 0, 3;
    %cmp/u;
    %jmp/1 T_9.47, 6;
    %pushi/vec4 3, 0, 2;
    %store/vec4 v0x55eb8f263310_0, 0, 2;
    %pushi/vec4 0, 0, 1;
    %store/vec4 v0x55eb8f263670_0, 0, 1;
    %jmp T_9.49;
T_9.43 ;
    %pushi/vec4 0, 0, 2;
    %store/vec4 v0x55eb8f263310_0, 0, 2;
    %pushi/vec4 1, 0, 1;
    %store/vec4 v0x55eb8f263670_0, 0, 1;
    %jmp T_9.49;
T_9.44 ;
    %pushi/vec4 1, 0, 2;
    %store/vec4 v0x55eb8f263310_0, 0, 2;
    %pushi/vec4 1, 0, 1;
    %store/vec4 v0x55eb8f263670_0, 0, 1;
    %jmp T_9.49;
T_9.45 ;
    %pushi/vec4 3, 0, 2;
    %store/vec4 v0x55eb8f263310_0, 0, 2;
    %pushi/vec4 0, 0, 1;
    %store/vec4 v0x55eb8f263670_0, 0, 1;
    %jmp T_9.49;
T_9.46 ;
    %pushi/vec4 0, 0, 2;
    %store/vec4 v0x55eb8f263310_0, 0, 2;
    %pushi/vec4 0, 0, 1;
    %store/vec4 v0x55eb8f263670_0, 0, 1;
    %jmp T_9.49;
T_9.47 ;
    %pushi/vec4 1, 0, 2;
    %store/vec4 v0x55eb8f263310_0, 0, 2;
    %pushi/vec4 0, 0, 1;
    %store/vec4 v0x55eb8f263670_0, 0, 1;
    %jmp T_9.49;
T_9.49 ;
    %pop/vec4 1;
    %jmp T_9.10;
T_9.3 ;
    %pushi/vec4 0, 0, 1;
    %store/vec4 v0x55eb8f2634d0_0, 0, 1;
    %pushi/vec4 0, 0, 2;
    %store/vec4 v0x55eb8f263590_0, 0, 2;
    %pushi/vec4 1, 0, 1;
    %store/vec4 v0x55eb8f262ca0_0, 0, 1;
    %pushi/vec4 1, 0, 1;
    %store/vec4 v0x55eb8f262d70_0, 0, 1;
    %pushi/vec4 0, 0, 4;
    %store/vec4 v0x55eb8f262b90_0, 0, 4;
    %pushi/vec4 0, 0, 1;
    %store/vec4 v0x55eb8f263250_0, 0, 1;
    %pushi/vec4 0, 0, 1;
    %store/vec4 v0x55eb8f262e70_0, 0, 1;
    %pushi/vec4 0, 0, 1;
    %store/vec4 v0x55eb8f263190_0, 0, 1;
    %pushi/vec4 1, 0, 1;
    %store/vec4 v0x55eb8f263730_0, 0, 1;
    %pushi/vec4 0, 0, 1;
    %store/vec4 v0x55eb8f263670_0, 0, 1;
    %load/vec4 v0x55eb8f262f40_0;
    %dup/vec4;
    %pushi/vec4 0, 0, 3;
    %cmp/u;
    %jmp/1 T_9.50, 6;
    %dup/vec4;
    %pushi/vec4 1, 0, 3;
    %cmp/u;
    %jmp/1 T_9.51, 6;
    %dup/vec4;
    %pushi/vec4 2, 0, 3;
    %cmp/u;
    %jmp/1 T_9.52, 6;
    %pushi/vec4 3, 0, 2;
    %store/vec4 v0x55eb8f263310_0, 0, 2;
    %jmp T_9.54;
T_9.50 ;
    %pushi/vec4 0, 0, 2;
    %store/vec4 v0x55eb8f263310_0, 0, 2;
    %jmp T_9.54;
T_9.51 ;
    %pushi/vec4 1, 0, 2;
    %store/vec4 v0x55eb8f263310_0, 0, 2;
    %jmp T_9.54;
T_9.52 ;
    %pushi/vec4 3, 0, 2;
    %store/vec4 v0x55eb8f263310_0, 0, 2;
    %jmp T_9.54;
T_9.54 ;
    %pop/vec4 1;
    %jmp T_9.10;
T_9.4 ;
    %pushi/vec4 0, 0, 1;
    %store/vec4 v0x55eb8f2634d0_0, 0, 1;
    %pushi/vec4 0, 0, 2;
    %store/vec4 v0x55eb8f263590_0, 0, 2;
    %pushi/vec4 1, 0, 1;
    %store/vec4 v0x55eb8f262ca0_0, 0, 1;
    %pushi/vec4 0, 0, 1;
    %store/vec4 v0x55eb8f262d70_0, 0, 1;
    %pushi/vec4 0, 0, 1;
    %store/vec4 v0x55eb8f263250_0, 0, 1;
    %pushi/vec4 1, 0, 1;
    %store/vec4 v0x55eb8f262e70_0, 0, 1;
    %pushi/vec4 0, 0, 1;
    %store/vec4 v0x55eb8f263190_0, 0, 1;
    %pushi/vec4 0, 0, 1;
    %store/vec4 v0x55eb8f263730_0, 0, 1;
    %pushi/vec4 0, 0, 1;
    %store/vec4 v0x55eb8f263670_0, 0, 1;
    %pushi/vec4 0, 0, 2;
    %store/vec4 v0x55eb8f263310_0, 0, 2;
    %load/vec4 v0x55eb8f262f40_0;
    %dup/vec4;
    %pushi/vec4 0, 0, 3;
    %cmp/u;
    %jmp/1 T_9.55, 6;
    %dup/vec4;
    %pushi/vec4 1, 0, 3;
    %cmp/u;
    %jmp/1 T_9.56, 6;
    %dup/vec4;
    %pushi/vec4 4, 0, 3;
    %cmp/u;
    %jmp/1 T_9.57, 6;
    %dup/vec4;
    %pushi/vec4 5, 0, 3;
    %cmp/u;
    %jmp/1 T_9.58, 6;
    %dup/vec4;
    %pushi/vec4 6, 0, 3;
    %cmp/u;
    %jmp/1 T_9.59, 6;
    %dup/vec4;
    %pushi/vec4 7, 0, 3;
    %cmp/u;
    %jmp/1 T_9.60, 6;
    %pushi/vec4 0, 0, 4;
    %store/vec4 v0x55eb8f262b90_0, 0, 4;
    %jmp T_9.62;
T_9.55 ;
    %pushi/vec4 10, 0, 4;
    %store/vec4 v0x55eb8f262b90_0, 0, 4;
    %jmp T_9.62;
T_9.56 ;
    %pushi/vec4 11, 0, 4;
    %store/vec4 v0x55eb8f262b90_0, 0, 4;
    %jmp T_9.62;
T_9.57 ;
    %pushi/vec4 8, 0, 4;
    %store/vec4 v0x55eb8f262b90_0, 0, 4;
    %jmp T_9.62;
T_9.58 ;
    %pushi/vec4 12, 0, 4;
    %store/vec4 v0x55eb8f262b90_0, 0, 4;
    %jmp T_9.62;
T_9.59 ;
    %pushi/vec4 9, 0, 4;
    %store/vec4 v0x55eb8f262b90_0, 0, 4;
    %jmp T_9.62;
T_9.60 ;
    %pushi/vec4 13, 0, 4;
    %store/vec4 v0x55eb8f262b90_0, 0, 4;
    %jmp T_9.62;
T_9.62 ;
    %pop/vec4 1;
    %jmp T_9.10;
T_9.5 ;
    %pushi/vec4 1, 0, 1;
    %store/vec4 v0x55eb8f2634d0_0, 0, 1;
    %pushi/vec4 0, 0, 2;
    %store/vec4 v0x55eb8f263590_0, 0, 2;
    %pushi/vec4 0, 0, 1;
    %store/vec4 v0x55eb8f262ca0_0, 0, 1;
    %pushi/vec4 1, 0, 1;
    %store/vec4 v0x55eb8f262d70_0, 0, 1;
    %pushi/vec4 0, 0, 4;
    %store/vec4 v0x55eb8f262b90_0, 0, 4;
    %pushi/vec4 1, 0, 1;
    %store/vec4 v0x55eb8f263250_0, 0, 1;
    %pushi/vec4 0, 0, 1;
    %store/vec4 v0x55eb8f262e70_0, 0, 1;
    %pushi/vec4 0, 0, 1;
    %store/vec4 v0x55eb8f263190_0, 0, 1;
    %pushi/vec4 0, 0, 1;
    %store/vec4 v0x55eb8f263730_0, 0, 1;
    %pushi/vec4 0, 0, 1;
    %store/vec4 v0x55eb8f263670_0, 0, 1;
    %pushi/vec4 0, 0, 2;
    %store/vec4 v0x55eb8f263310_0, 0, 2;
    %jmp T_9.10;
T_9.6 ;
    %pushi/vec4 1, 0, 1;
    %store/vec4 v0x55eb8f2634d0_0, 0, 1;
    %pushi/vec4 0, 0, 2;
    %store/vec4 v0x55eb8f263590_0, 0, 2;
    %pushi/vec4 1, 0, 1;
    %store/vec4 v0x55eb8f262ca0_0, 0, 1;
    %pushi/vec4 1, 0, 1;
    %store/vec4 v0x55eb8f262d70_0, 0, 1;
    %pushi/vec4 0, 0, 4;
    %store/vec4 v0x55eb8f262b90_0, 0, 4;
    %pushi/vec4 1, 0, 1;
    %store/vec4 v0x55eb8f263250_0, 0, 1;
    %pushi/vec4 0, 0, 1;
    %store/vec4 v0x55eb8f262e70_0, 0, 1;
    %pushi/vec4 1, 0, 1;
    %store/vec4 v0x55eb8f263190_0, 0, 1;
    %pushi/vec4 0, 0, 1;
    %store/vec4 v0x55eb8f263730_0, 0, 1;
    %pushi/vec4 0, 0, 1;
    %store/vec4 v0x55eb8f263670_0, 0, 1;
    %pushi/vec4 0, 0, 2;
    %store/vec4 v0x55eb8f263310_0, 0, 2;
    %jmp T_9.10;
T_9.7 ;
    %pushi/vec4 1, 0, 1;
    %store/vec4 v0x55eb8f2634d0_0, 0, 1;
    %pushi/vec4 3, 0, 2;
    %store/vec4 v0x55eb8f263590_0, 0, 2;
    %pushi/vec4 0, 0, 1;
    %store/vec4 v0x55eb8f262ca0_0, 0, 1;
    %pushi/vec4 0, 0, 1;
    %store/vec4 v0x55eb8f262d70_0, 0, 1;
    %pushi/vec4 0, 0, 4;
    %store/vec4 v0x55eb8f262b90_0, 0, 4;
    %pushi/vec4 0, 0, 1;
    %store/vec4 v0x55eb8f263250_0, 0, 1;
    %pushi/vec4 0, 0, 1;
    %store/vec4 v0x55eb8f262e70_0, 0, 1;
    %pushi/vec4 0, 0, 1;
    %store/vec4 v0x55eb8f263190_0, 0, 1;
    %pushi/vec4 0, 0, 1;
    %store/vec4 v0x55eb8f263730_0, 0, 1;
    %pushi/vec4 0, 0, 1;
    %store/vec4 v0x55eb8f263670_0, 0, 1;
    %pushi/vec4 0, 0, 2;
    %store/vec4 v0x55eb8f263310_0, 0, 2;
    %jmp T_9.10;
T_9.8 ;
    %pushi/vec4 1, 0, 1;
    %store/vec4 v0x55eb8f2634d0_0, 0, 1;
    %pushi/vec4 1, 0, 2;
    %store/vec4 v0x55eb8f263590_0, 0, 2;
    %pushi/vec4 0, 0, 1;
    %store/vec4 v0x55eb8f262ca0_0, 0, 1;
    %pushi/vec4 1, 0, 1;
    %store/vec4 v0x55eb8f262d70_0, 0, 1;
    %pushi/vec4 0, 0, 4;
    %store/vec4 v0x55eb8f262b90_0, 0, 4;
    %pushi/vec4 0, 0, 1;
    %store/vec4 v0x55eb8f263250_0, 0, 1;
    %pushi/vec4 0, 0, 1;
    %store/vec4 v0x55eb8f262e70_0, 0, 1;
    %pushi/vec4 0, 0, 1;
    %store/vec4 v0x55eb8f263190_0, 0, 1;
    %pushi/vec4 0, 0, 1;
    %store/vec4 v0x55eb8f263730_0, 0, 1;
    %pushi/vec4 0, 0, 1;
    %store/vec4 v0x55eb8f263670_0, 0, 1;
    %pushi/vec4 0, 0, 2;
    %store/vec4 v0x55eb8f263310_0, 0, 2;
    %jmp T_9.10;
T_9.10 ;
    %pop/vec4 1;
    %jmp T_9;
    .thread T_9, $push;
# The file index is used to find the file name in the following table.
:file_names 11;
    "N/A";
    "<interactive>";
    "src/CPU.v";
    "src/ALU.v";
    "src/MUX.v";
    "src/ControlUnit.v";
    "src/DataMemory.v";
    "src/ImmediateGenerator.v";
    "src/InstructionMemory.v";
    "src/ProgramCounter.v";
    "src/RegisterFile.v";
